00:00:00.005110 main     VirtualBox COM Server 7.1.6 r167084 win.amd64 (Jan 21 2025 14:13:52) release log
00:00:00.005115 main     Log opened 2025-04-05T15:20:19.898688700Z
00:00:00.005115 main     Build Type: release
00:00:00.005122 main     OS Product: Windows 10
00:00:00.005123 main     OS Release: 10.0.19045
00:00:00.005124 main     OS Service Pack: 
00:00:00.080171 main     DMI Product Name: H61
00:00:00.094314 main     DMI Product Version: To be filled by O.E.M.
00:00:00.094329 main     Firmware type: UEFI
00:00:00.094801 main     Secure Boot: Disabled
00:00:00.094817 main     Host RAM: 16274MB (15.8GB) total, 10130MB (9.8GB) available
00:00:00.094824 main     Executable: C:\Program Files\Oracle\VirtualBox\VBoxSVC.exe
00:00:00.094824 main     Process ID: 6524
00:00:00.094825 main     Package type: WINDOWS_64BITS_GENERIC
00:00:00.095262 main     Windows Features:
00:00:00.095263 main       Core Isolation (Memory Integrity): Not supported
00:00:00.173149          VirtualBox: object creation starts
00:00:00.174991          Home directory: 'C:\Users\diorg\.VirtualBox'
00:00:00.175582          Installed Drivers:
00:00:00.180610            C:\Windows\system32\DRIVERS\VBoxNetLwf.sys (Version: 7.1.6.17084)
00:00:00.234530            C:\Windows\System32\drivers\VBoxUSBMon.sys (Version: 7.1.6.17084)
00:00:00.237176            C:\Windows\System32\drivers\VBoxSup.sys (Version: 7.1.6.17084)
00:00:00.238756            C:\Windows\system32\DRIVERS\VBoxNetAdp6.sys (Version: 7.1.6.17084)
00:00:00.266591          Loading settings file "C:\Users\diorg\.VirtualBox\VirtualBox.xml" with version "1.12-windows"
00:00:00.275236          usbLibGetDevices: Starting USB device enumeration
00:00:00.349884          usbLibGetDevices: Found 2 USB devices, 0 captured
00:00:00.551950          HostDnsMonitor: initializing
00:00:00.560511          HostDnsMonitor: updating information
00:00:00.561478          HostDnsMonitor: old information
00:00:00.561481            no server entries
00:00:00.561483            no domain set
00:00:00.561483            no search string entries
00:00:00.561483          HostDnsMonitor: new information
00:00:00.561484            server 1: 192.168.1.254
00:00:00.561485            no domain set
00:00:00.561485            no search string entries
00:00:00.657362          VD: VDInit finished with VINF_SUCCESS
00:00:00.919636          Platform architecture set to 'x86'
00:00:00.928912          ERROR [COM]: aRC=E_FAIL (0x80004005) aIID={e36a5081-a82a-40bd-9e4e-42a44d6ce50f} aComponent={MachineWrap} aText={Runtime error opening 'C:\Program Files\Huawei\eNSP\VBoxServer\AR_Base\AR_Base.vbox' for reading VERR_FILE_NOT_FOUND (File not found.).
00:00:00.928927          D:\tinderboxa\win-7.1\src\VBox\Main\src-server\MachineImpl.cpp[984] (long __cdecl Machine::i_registeredInit(void))}, preserve=false aResultDetail=0
00:00:00.929858          Platform architecture set to 'x86'
00:00:00.930688          ERROR [COM]: aRC=E_FAIL (0x80004005) aIID={e36a5081-a82a-40bd-9e4e-42a44d6ce50f} aComponent={MachineWrap} aText={Runtime error opening 'C:\Program Files\Huawei\eNSP\VBoxServer\WLAN_AC_Base\WLAN_AC_Base.vbox' for reading VERR_FILE_NOT_FOUND (File not found.).
00:00:00.930693          D:\tinderboxa\win-7.1\src\VBox\Main\src-server\MachineImpl.cpp[984] (long __cdecl Machine::i_registeredInit(void))}, preserve=false aResultDetail=0
00:00:00.931229          Platform architecture set to 'x86'
00:00:00.932339          ERROR [COM]: aRC=E_FAIL (0x80004005) aIID={e36a5081-a82a-40bd-9e4e-42a44d6ce50f} aComponent={MachineWrap} aText={Runtime error opening 'C:\Program Files\Huawei\eNSP\VBoxServer\WLAN_AD_Base\WLAN_AD_Base.vbox' for reading VERR_FILE_NOT_FOUND (File not found.).
00:00:00.932353          D:\tinderboxa\win-7.1\src\VBox\Main\src-server\MachineImpl.cpp[984] (long __cdecl Machine::i_registeredInit(void))}, preserve=false aResultDetail=0
00:00:00.933026          Platform architecture set to 'x86'
00:00:00.934238          ERROR [COM]: aRC=E_FAIL (0x80004005) aIID={e36a5081-a82a-40bd-9e4e-42a44d6ce50f} aComponent={MachineWrap} aText={Runtime error opening 'C:\Program Files\Huawei\eNSP\VBoxServer\WLAN_SAP_Base\WLAN_SAP_Base.vbox' for reading VERR_FILE_NOT_FOUND (File not found.).
00:00:00.934249          D:\tinderboxa\win-7.1\src\VBox\Main\src-server\MachineImpl.cpp[984] (long __cdecl Machine::i_registeredInit(void))}, preserve=false aResultDetail=0
00:00:00.934722          Platform architecture set to 'x86'
00:00:00.935535          ERROR [COM]: aRC=E_FAIL (0x80004005) aIID={e36a5081-a82a-40bd-9e4e-42a44d6ce50f} aComponent={MachineWrap} aText={Runtime error opening 'C:\Program Files\Huawei\eNSP\VBoxServer\WLAN_AP_Base\WLAN_AP_Base.vbox' for reading VERR_FILE_NOT_FOUND (File not found.).
00:00:00.935541          D:\tinderboxa\win-7.1\src\VBox\Main\src-server\MachineImpl.cpp[984] (long __cdecl Machine::i_registeredInit(void))}, preserve=false aResultDetail=0
00:00:00.965287          OCI: Local config file 'C:\Users\diorg\.VirtualBox\oci_config' does not exist
00:00:00.965522          OCI: Original config file 'C:\Users\diorg\.oci\config' does not exist
00:00:00.965525          OCI: Reading profiles finished with status ERROR_SUCCESS
00:00:00.967397          ExtPack: Created cloud provider 'OCI' (hrc=ERROR_SUCCESS)
00:00:00.967949          VirtualBox: object created
00:00:01.114263          Saving settings file "C:\Users\diorg\.VirtualBox\VirtualBox.xml" with version "1.12-windows"
00:00:01.119060          Finished saving settings file "C:\Users\diorg\.VirtualBox\VirtualBox.xml"
00:00:01.119316          Saving settings file "C:\Users\diorg\.VirtualBox\VirtualBox.xml" with version "1.12-windows"
00:00:01.121943          Finished saving settings file "C:\Users\diorg\.VirtualBox\VirtualBox.xml"
00:00:01.122189          Saving settings file "C:\Users\diorg\.VirtualBox\VirtualBox.xml" with version "1.12-windows"
00:00:01.124917          Finished saving settings file "C:\Users\diorg\.VirtualBox\VirtualBox.xml"
00:00:01.952790          Platform architecture set to 'x86'
00:00:01.953213          ERROR [COM]: aRC=E_FAIL (0x80004005) aIID={e36a5081-a82a-40bd-9e4e-42a44d6ce50f} aComponent={MachineWrap} aText={Runtime error opening 'C:\Program Files\Huawei\eNSP\VBoxServer\AR_Base\AR_Base.vbox' for reading VERR_FILE_NOT_FOUND (File not found.).
00:00:01.953226          D:\tinderboxa\win-7.1\src\VBox\Main\src-server\MachineImpl.cpp[984] (long __cdecl Machine::i_registeredInit(void))}, preserve=false aResultDetail=0
00:00:01.953861          Platform architecture set to 'x86'
00:00:01.954118          ERROR [COM]: aRC=E_FAIL (0x80004005) aIID={e36a5081-a82a-40bd-9e4e-42a44d6ce50f} aComponent={MachineWrap} aText={Runtime error opening 'C:\Program Files\Huawei\eNSP\VBoxServer\AR_Base\AR_Base.vbox' for reading VERR_FILE_NOT_FOUND (File not found.).
00:00:01.954121          D:\tinderboxa\win-7.1\src\VBox\Main\src-server\MachineImpl.cpp[984] (long __cdecl Machine::i_registeredInit(void))}, preserve=false aResultDetail=0
00:00:01.955174          Platform architecture set to 'x86'
00:00:01.955516          ERROR [COM]: aRC=E_FAIL (0x80004005) aIID={e36a5081-a82a-40bd-9e4e-42a44d6ce50f} aComponent={MachineWrap} aText={Runtime error opening 'C:\Program Files\Huawei\eNSP\VBoxServer\AR_Base\AR_Base.vbox' for reading VERR_FILE_NOT_FOUND (File not found.).
00:00:01.955521          D:\tinderboxa\win-7.1\src\VBox\Main\src-server\MachineImpl.cpp[984] (long __cdecl Machine::i_registeredInit(void))}, preserve=false aResultDetail=0
00:00:02.003541          Platform architecture set to 'x86'
00:00:02.004025          ERROR [COM]: aRC=E_FAIL (0x80004005) aIID={e36a5081-a82a-40bd-9e4e-42a44d6ce50f} aComponent={MachineWrap} aText={Runtime error opening 'C:\Program Files\Huawei\eNSP\VBoxServer\WLAN_AC_Base\WLAN_AC_Base.vbox' for reading VERR_FILE_NOT_FOUND (File not found.).
00:00:02.004033          D:\tinderboxa\win-7.1\src\VBox\Main\src-server\MachineImpl.cpp[984] (long __cdecl Machine::i_registeredInit(void))}, preserve=false aResultDetail=0
00:00:02.004738          Platform architecture set to 'x86'
00:00:02.004999          ERROR [COM]: aRC=E_FAIL (0x80004005) aIID={e36a5081-a82a-40bd-9e4e-42a44d6ce50f} aComponent={MachineWrap} aText={Runtime error opening 'C:\Program Files\Huawei\eNSP\VBoxServer\WLAN_AC_Base\WLAN_AC_Base.vbox' for reading VERR_FILE_NOT_FOUND (File not found.).
00:00:02.005003          D:\tinderboxa\win-7.1\src\VBox\Main\src-server\MachineImpl.cpp[984] (long __cdecl Machine::i_registeredInit(void))}, preserve=false aResultDetail=0
00:00:02.005791          Platform architecture set to 'x86'
00:00:02.006051          ERROR [COM]: aRC=E_FAIL (0x80004005) aIID={e36a5081-a82a-40bd-9e4e-42a44d6ce50f} aComponent={MachineWrap} aText={Runtime error opening 'C:\Program Files\Huawei\eNSP\VBoxServer\WLAN_AC_Base\WLAN_AC_Base.vbox' for reading VERR_FILE_NOT_FOUND (File not found.).
00:00:02.006054          D:\tinderboxa\win-7.1\src\VBox\Main\src-server\MachineImpl.cpp[984] (long __cdecl Machine::i_registeredInit(void))}, preserve=false aResultDetail=0
00:00:02.007976          Platform architecture set to 'x86'
00:00:02.008295          ERROR [COM]: aRC=E_FAIL (0x80004005) aIID={e36a5081-a82a-40bd-9e4e-42a44d6ce50f} aComponent={MachineWrap} aText={Runtime error opening 'C:\Program Files\Huawei\eNSP\VBoxServer\WLAN_AD_Base\WLAN_AD_Base.vbox' for reading VERR_FILE_NOT_FOUND (File not found.).
00:00:02.008299          D:\tinderboxa\win-7.1\src\VBox\Main\src-server\MachineImpl.cpp[984] (long __cdecl Machine::i_registeredInit(void))}, preserve=false aResultDetail=0
00:00:02.008813          Platform architecture set to 'x86'
00:00:02.009030          ERROR [COM]: aRC=E_FAIL (0x80004005) aIID={e36a5081-a82a-40bd-9e4e-42a44d6ce50f} aComponent={MachineWrap} aText={Runtime error opening 'C:\Program Files\Huawei\eNSP\VBoxServer\WLAN_AD_Base\WLAN_AD_Base.vbox' for reading VERR_FILE_NOT_FOUND (File not found.).
00:00:02.009033          D:\tinderboxa\win-7.1\src\VBox\Main\src-server\MachineImpl.cpp[984] (long __cdecl Machine::i_registeredInit(void))}, preserve=false aResultDetail=0
00:00:02.009661          Platform architecture set to 'x86'
00:00:02.009872          ERROR [COM]: aRC=E_FAIL (0x80004005) aIID={e36a5081-a82a-40bd-9e4e-42a44d6ce50f} aComponent={MachineWrap} aText={Runtime error opening 'C:\Program Files\Huawei\eNSP\VBoxServer\WLAN_AD_Base\WLAN_AD_Base.vbox' for reading VERR_FILE_NOT_FOUND (File not found.).
00:00:02.009875          D:\tinderboxa\win-7.1\src\VBox\Main\src-server\MachineImpl.cpp[984] (long __cdecl Machine::i_registeredInit(void))}, preserve=false aResultDetail=0
00:00:02.011356          Platform architecture set to 'x86'
00:00:02.011585          ERROR [COM]: aRC=E_FAIL (0x80004005) aIID={e36a5081-a82a-40bd-9e4e-42a44d6ce50f} aComponent={MachineWrap} aText={Runtime error opening 'C:\Program Files\Huawei\eNSP\VBoxServer\WLAN_SAP_Base\WLAN_SAP_Base.vbox' for reading VERR_FILE_NOT_FOUND (File not found.).
00:00:02.011588          D:\tinderboxa\win-7.1\src\VBox\Main\src-server\MachineImpl.cpp[984] (long __cdecl Machine::i_registeredInit(void))}, preserve=false aResultDetail=0
00:00:02.012004          Platform architecture set to 'x86'
00:00:02.012219          ERROR [COM]: aRC=E_FAIL (0x80004005) aIID={e36a5081-a82a-40bd-9e4e-42a44d6ce50f} aComponent={MachineWrap} aText={Runtime error opening 'C:\Program Files\Huawei\eNSP\VBoxServer\WLAN_SAP_Base\WLAN_SAP_Base.vbox' for reading VERR_FILE_NOT_FOUND (File not found.).
00:00:02.012222          D:\tinderboxa\win-7.1\src\VBox\Main\src-server\MachineImpl.cpp[984] (long __cdecl Machine::i_registeredInit(void))}, preserve=false aResultDetail=0
00:00:02.012888          Platform architecture set to 'x86'
00:00:02.013094          ERROR [COM]: aRC=E_FAIL (0x80004005) aIID={e36a5081-a82a-40bd-9e4e-42a44d6ce50f} aComponent={MachineWrap} aText={Runtime error opening 'C:\Program Files\Huawei\eNSP\VBoxServer\WLAN_SAP_Base\WLAN_SAP_Base.vbox' for reading VERR_FILE_NOT_FOUND (File not found.).
00:00:02.013097          D:\tinderboxa\win-7.1\src\VBox\Main\src-server\MachineImpl.cpp[984] (long __cdecl Machine::i_registeredInit(void))}, preserve=false aResultDetail=0
00:00:02.014586          Platform architecture set to 'x86'
00:00:02.014844          ERROR [COM]: aRC=E_FAIL (0x80004005) aIID={e36a5081-a82a-40bd-9e4e-42a44d6ce50f} aComponent={MachineWrap} aText={Runtime error opening 'C:\Program Files\Huawei\eNSP\VBoxServer\WLAN_AP_Base\WLAN_AP_Base.vbox' for reading VERR_FILE_NOT_FOUND (File not found.).
00:00:02.014847          D:\tinderboxa\win-7.1\src\VBox\Main\src-server\MachineImpl.cpp[984] (long __cdecl Machine::i_registeredInit(void))}, preserve=false aResultDetail=0
00:00:02.015459          Platform architecture set to 'x86'
00:00:02.015926          ERROR [COM]: aRC=E_FAIL (0x80004005) aIID={e36a5081-a82a-40bd-9e4e-42a44d6ce50f} aComponent={MachineWrap} aText={Runtime error opening 'C:\Program Files\Huawei\eNSP\VBoxServer\WLAN_AP_Base\WLAN_AP_Base.vbox' for reading VERR_FILE_NOT_FOUND (File not found.).
00:00:02.015934          D:\tinderboxa\win-7.1\src\VBox\Main\src-server\MachineImpl.cpp[984] (long __cdecl Machine::i_registeredInit(void))}, preserve=false aResultDetail=0
00:00:02.017877          Platform architecture set to 'x86'
00:00:02.018624          ERROR [COM]: aRC=E_FAIL (0x80004005) aIID={e36a5081-a82a-40bd-9e4e-42a44d6ce50f} aComponent={MachineWrap} aText={Runtime error opening 'C:\Program Files\Huawei\eNSP\VBoxServer\WLAN_AP_Base\WLAN_AP_Base.vbox' for reading VERR_FILE_NOT_FOUND (File not found.).
00:00:02.018634          D:\tinderboxa\win-7.1\src\VBox\Main\src-server\MachineImpl.cpp[984] (long __cdecl Machine::i_registeredInit(void))}, preserve=false aResultDetail=0
00:00:05.537841          Saving settings file "C:\Users\diorg\.VirtualBox\VirtualBox.xml" with version "1.12-windows"
00:00:05.544949          Finished saving settings file "C:\Users\diorg\.VirtualBox\VirtualBox.xml"
00:00:07.002230          Saving settings file "C:\Users\diorg\.VirtualBox\VirtualBox.xml" with version "1.12-windows"
00:00:07.010165          Finished saving settings file "C:\Users\diorg\.VirtualBox\VirtualBox.xml"
00:00:07.589408          Saving settings file "C:\Users\diorg\.VirtualBox\VirtualBox.xml" with version "1.12-windows"
00:00:07.595576          Finished saving settings file "C:\Users\diorg\.VirtualBox\VirtualBox.xml"
00:00:08.131046          Saving settings file "C:\Users\diorg\.VirtualBox\VirtualBox.xml" with version "1.12-windows"
00:00:08.136174          Finished saving settings file "C:\Users\diorg\.VirtualBox\VirtualBox.xml"
00:00:08.944431          Saving settings file "C:\Users\diorg\.VirtualBox\VirtualBox.xml" with version "1.12-windows"
00:00:08.948894          Finished saving settings file "C:\Users\diorg\.VirtualBox\VirtualBox.xml"
00:00:09.673517          Saving settings file "C:\Users\diorg\.VirtualBox\VirtualBox.xml" with version "1.12-windows"
00:00:09.677293          Finished saving settings file "C:\Users\diorg\.VirtualBox\VirtualBox.xml"
00:07:10.815651 USBPROXY usbLibGetDevices: Starting USB device enumeration
00:07:10.889237 USBPROXY usbLibGetDevices: Found 2 USB devices, 0 captured
00:08:12.123372 dns-monitor HostDnsMonitor: updating information
00:08:12.123512 dns-monitor HostDnsMonitor: unchanged
00:10:08.001087          Saving settings file "C:\Users\diorg\.VirtualBox\VirtualBox.xml" with version "1.12-windows"
00:10:08.005514          Finished saving settings file "C:\Users\diorg\.VirtualBox\VirtualBox.xml"
00:12:15.558239 createBase Saving settings file "C:\Users\diorg\.VirtualBox\VirtualBox.xml" with version "1.12-windows"
00:12:15.562554 createBase Finished saving settings file "C:\Users\diorg\.VirtualBox\VirtualBox.xml"
00:12:15.576374          Platform architecture set to 'x86'
00:12:15.577780          Platform architecture set to 'x86'
00:12:15.577816          Platform architecture set to 'x86'
00:12:15.579378          Platform architecture set to 'x86'
00:12:15.582831          Saving settings file "C:\Users\diorg\OneDrive\Documentos\Maquinas vituais\linux ubuntu\linux ubuntu.vbox" with version "1.19-windows"
00:12:15.586099          Finished saving settings file "C:\Users\diorg\OneDrive\Documentos\Maquinas vituais\linux ubuntu\linux ubuntu.vbox"
00:12:15.586858          Saving settings file "C:\Users\diorg\.VirtualBox\VirtualBox.xml" with version "1.12-windows"
00:12:15.590429          Finished saving settings file "C:\Users\diorg\.VirtualBox\VirtualBox.xml"
00:12:15.597191          Platform architecture set to 'x86'
00:12:15.601189          ERROR [COM]: aRC=E_ACCESSDENIED (0x80070005) aIID={e36a5081-a82a-40bd-9e4e-42a44d6ce50f} aComponent={MachineWrap} aText={The object functionality is limited}, preserve=false aResultDetail=0
00:12:15.601238          ERROR [COM]: aRC=E_ACCESSDENIED (0x80070005) aIID={e36a5081-a82a-40bd-9e4e-42a44d6ce50f} aComponent={MachineWrap} aText={The object functionality is limited}, preserve=false aResultDetail=0
00:12:15.601261          ERROR [COM]: aRC=E_ACCESSDENIED (0x80070005) aIID={e36a5081-a82a-40bd-9e4e-42a44d6ce50f} aComponent={MachineWrap} aText={The object functionality is limited}, preserve=false aResultDetail=0
00:12:15.601278          ERROR [COM]: aRC=E_ACCESSDENIED (0x80070005) aIID={e36a5081-a82a-40bd-9e4e-42a44d6ce50f} aComponent={MachineWrap} aText={The object functionality is limited}, preserve=false aResultDetail=0
00:12:15.601289          ERROR [COM]: aRC=E_ACCESSDENIED (0x80070005) aIID={e36a5081-a82a-40bd-9e4e-42a44d6ce50f} aComponent={MachineWrap} aText={The object functionality is limited}, preserve=false aResultDetail=0
00:12:15.601306          ERROR [COM]: aRC=E_ACCESSDENIED (0x80070005) aIID={e36a5081-a82a-40bd-9e4e-42a44d6ce50f} aComponent={MachineWrap} aText={The object functionality is limited}, preserve=false aResultDetail=0
00:12:15.601316          ERROR [COM]: aRC=E_ACCESSDENIED (0x80070005) aIID={e36a5081-a82a-40bd-9e4e-42a44d6ce50f} aComponent={MachineWrap} aText={The object functionality is limited}, preserve=false aResultDetail=0
00:12:15.601327          ERROR [COM]: aRC=E_ACCESSDENIED (0x80070005) aIID={e36a5081-a82a-40bd-9e4e-42a44d6ce50f} aComponent={MachineWrap} aText={The object functionality is limited}, preserve=false aResultDetail=0
00:12:15.601337          ERROR [COM]: aRC=E_ACCESSDENIED (0x80070005) aIID={e36a5081-a82a-40bd-9e4e-42a44d6ce50f} aComponent={MachineWrap} aText={The object functionality is limited}, preserve=false aResultDetail=0
00:12:15.601347          ERROR [COM]: aRC=E_ACCESSDENIED (0x80070005) aIID={e36a5081-a82a-40bd-9e4e-42a44d6ce50f} aComponent={MachineWrap} aText={The object functionality is limited}, preserve=false aResultDetail=0
00:12:15.601407          Saving settings file "C:\Users\diorg\.VirtualBox\VirtualBox.xml" with version "1.12-windows"
00:12:15.606075          Finished saving settings file "C:\Users\diorg\.VirtualBox\VirtualBox.xml"
00:12:15.607476          ERROR [COM]: aRC=E_ACCESSDENIED (0x80070005) aIID={e36a5081-a82a-40bd-9e4e-42a44d6ce50f} aComponent={MachineWrap} aText={The object functionality is limited}, preserve=false aResultDetail=0
00:12:15.607508          ERROR [COM]: aRC=E_ACCESSDENIED (0x80070005) aIID={e36a5081-a82a-40bd-9e4e-42a44d6ce50f} aComponent={MachineWrap} aText={The object functionality is limited}, preserve=false aResultDetail=0
00:12:15.607524          ERROR [COM]: aRC=E_ACCESSDENIED (0x80070005) aIID={e36a5081-a82a-40bd-9e4e-42a44d6ce50f} aComponent={MachineWrap} aText={The object functionality is limited}, preserve=false aResultDetail=0
00:12:15.607536          ERROR [COM]: aRC=E_ACCESSDENIED (0x80070005) aIID={e36a5081-a82a-40bd-9e4e-42a44d6ce50f} aComponent={MachineWrap} aText={The object functionality is limited}, preserve=false aResultDetail=0
00:12:15.607548          ERROR [COM]: aRC=E_ACCESSDENIED (0x80070005) aIID={e36a5081-a82a-40bd-9e4e-42a44d6ce50f} aComponent={MachineWrap} aText={The object functionality is limited}, preserve=false aResultDetail=0
00:12:15.608489          Saving settings file "C:\Users\diorg\OneDrive\Documentos\Maquinas vituais\linux ubuntu\linux ubuntu.vbox" with version "1.19-windows"
00:12:15.611700          Finished saving settings file "C:\Users\diorg\OneDrive\Documentos\Maquinas vituais\linux ubuntu\linux ubuntu.vbox"
00:12:15.649932          Saving settings file "C:\Users\diorg\.VirtualBox\VirtualBox.xml" with version "1.12-windows"
00:12:15.654534          Finished saving settings file "C:\Users\diorg\.VirtualBox\VirtualBox.xml"
00:12:16.009729          ERROR [COM]: aRC=VBOX_E_OBJECT_NOT_FOUND (0x80bb0001) aIID={5bfd8965-b81b-469f-8649-f717ce97a5d5} aComponent={NvramStoreWrap} aText={The UEFI NVRAM file is not existing for this machine}, preserve=false aResultDetail=0
00:12:16.158918          ERROR [COM]: aRC=VBOX_E_INVALID_VM_STATE (0x80bb0002) aIID={e36a5081-a82a-40bd-9e4e-42a44d6ce50f} aComponent={MachineWrap} aText={The machine is not mutable, saved or running (state is PoweredOff)}, preserve=false aResultDetail=0
00:12:19.988763          Saving settings file "C:\Users\diorg\.VirtualBox\VirtualBox.xml" with version "1.12-windows"
00:12:19.991902          Finished saving settings file "C:\Users\diorg\.VirtualBox\VirtualBox.xml"
00:12:20.983881          Saving settings file "C:\Users\diorg\.VirtualBox\VirtualBox.xml" with version "1.12-windows"
00:12:20.988027          Finished saving settings file "C:\Users\diorg\.VirtualBox\VirtualBox.xml"
00:12:21.392263          Saving settings file "C:\Users\diorg\.VirtualBox\VirtualBox.xml" with version "1.12-windows"
00:12:21.395234          Finished saving settings file "C:\Users\diorg\.VirtualBox\VirtualBox.xml"
00:12:38.558345          Saving settings file "C:\Users\diorg\.VirtualBox\VirtualBox.xml" with version "1.12-windows"
00:12:38.565458          Finished saving settings file "C:\Users\diorg\.VirtualBox\VirtualBox.xml"
00:12:39.577212          Saving settings file "C:\Users\diorg\.VirtualBox\VirtualBox.xml" with version "1.12-windows"
00:12:39.581704          Finished saving settings file "C:\Users\diorg\.VirtualBox\VirtualBox.xml"
00:12:40.956125          Saving settings file "C:\Users\diorg\.VirtualBox\VirtualBox.xml" with version "1.12-windows"
00:12:40.961678          Finished saving settings file "C:\Users\diorg\.VirtualBox\VirtualBox.xml"
00:12:44.064603          Platform architecture set to 'x86'
00:12:44.067918          ERROR [COM]: aRC=VBOX_E_OBJECT_NOT_FOUND (0x80bb0001) aIID={5bfd8965-b81b-469f-8649-f717ce97a5d5} aComponent={NvramStoreWrap} aText={The UEFI NVRAM file is not existing for this machine}, preserve=false aResultDetail=0
00:12:44.172684          Saving settings file "C:\Users\diorg\.VirtualBox\VirtualBox.xml" with version "1.12-windows"
00:12:44.176439          Finished saving settings file "C:\Users\diorg\.VirtualBox\VirtualBox.xml"
00:12:44.177882          Saving settings file "C:\Users\diorg\.VirtualBox\VirtualBox.xml" with version "1.12-windows"
00:12:44.181142          Finished saving settings file "C:\Users\diorg\.VirtualBox\VirtualBox.xml"
00:12:44.182387          Saving settings file "C:\Users\diorg\.VirtualBox\VirtualBox.xml" with version "1.12-windows"
00:12:44.187796          Finished saving settings file "C:\Users\diorg\.VirtualBox\VirtualBox.xml"
00:12:44.189391          Saving settings file "C:\Users\diorg\.VirtualBox\VirtualBox.xml" with version "1.12-windows"
00:12:44.194916          Finished saving settings file "C:\Users\diorg\.VirtualBox\VirtualBox.xml"
00:12:44.196824          Saving settings file "C:\Users\diorg\.VirtualBox\VirtualBox.xml" with version "1.12-windows"
00:12:44.200259          Finished saving settings file "C:\Users\diorg\.VirtualBox\VirtualBox.xml"
00:12:44.203706          ERROR [COM]: aRC=E_ACCESSDENIED (0x80070005) aIID={e36a5081-a82a-40bd-9e4e-42a44d6ce50f} aComponent={MachineWrap} aText={The object functionality is limited}, preserve=false aResultDetail=0
00:12:44.203822          ERROR [COM]: aRC=E_ACCESSDENIED (0x80070005) aIID={e36a5081-a82a-40bd-9e4e-42a44d6ce50f} aComponent={MachineWrap} aText={The object functionality is limited}, preserve=false aResultDetail=0
00:12:44.203847          ERROR [COM]: aRC=E_ACCESSDENIED (0x80070005) aIID={e36a5081-a82a-40bd-9e4e-42a44d6ce50f} aComponent={MachineWrap} aText={The object functionality is limited}, preserve=false aResultDetail=0
00:12:44.203866          ERROR [COM]: aRC=E_ACCESSDENIED (0x80070005) aIID={e36a5081-a82a-40bd-9e4e-42a44d6ce50f} aComponent={MachineWrap} aText={The object functionality is limited}, preserve=false aResultDetail=0
00:12:44.203906          ERROR [COM]: aRC=E_ACCESSDENIED (0x80070005) aIID={e36a5081-a82a-40bd-9e4e-42a44d6ce50f} aComponent={MachineWrap} aText={The object functionality is limited}, preserve=false aResultDetail=0
00:12:44.231188          ERROR [COM]: aRC=E_ACCESSDENIED (0x80070005) aIID={e36a5081-a82a-40bd-9e4e-42a44d6ce50f} aComponent={MachineWrap} aText={The object functionality is limited}, preserve=false aResultDetail=0
00:12:44.231234          ERROR [COM]: aRC=E_ACCESSDENIED (0x80070005) aIID={e36a5081-a82a-40bd-9e4e-42a44d6ce50f} aComponent={MachineWrap} aText={The object functionality is limited}, preserve=false aResultDetail=0
00:12:44.231246          ERROR [COM]: aRC=E_ACCESSDENIED (0x80070005) aIID={e36a5081-a82a-40bd-9e4e-42a44d6ce50f} aComponent={MachineWrap} aText={The object functionality is limited}, preserve=false aResultDetail=0
00:12:44.231257          ERROR [COM]: aRC=E_ACCESSDENIED (0x80070005) aIID={e36a5081-a82a-40bd-9e4e-42a44d6ce50f} aComponent={MachineWrap} aText={The object functionality is limited}, preserve=false aResultDetail=0
00:12:44.231268          ERROR [COM]: aRC=E_ACCESSDENIED (0x80070005) aIID={e36a5081-a82a-40bd-9e4e-42a44d6ce50f} aComponent={MachineWrap} aText={The object functionality is limited}, preserve=false aResultDetail=0
00:12:44.517647          ERROR [COM]: aRC=VBOX_E_OBJECT_NOT_FOUND (0x80bb0001) aIID={5bfd8965-b81b-469f-8649-f717ce97a5d5} aComponent={NvramStoreWrap} aText={The UEFI NVRAM file is not existing for this machine}, preserve=false aResultDetail=0
00:12:44.521974          ERROR [COM]: aRC=VBOX_E_INVALID_VM_STATE (0x80bb0002) aIID={e36a5081-a82a-40bd-9e4e-42a44d6ce50f} aComponent={MachineWrap} aText={The machine is not mutable, saved or running (state is PoweredOff)}, preserve=false aResultDetail=0
00:13:00.064421          Saving settings file "C:\Users\diorg\.VirtualBox\VirtualBox.xml" with version "1.12-windows"
00:13:00.067595          Finished saving settings file "C:\Users\diorg\.VirtualBox\VirtualBox.xml"
00:13:40.942407          Platform architecture set to 'x86'
00:13:40.945746          ERROR [COM]: aRC=VBOX_E_OBJECT_NOT_FOUND (0x80bb0001) aIID={5bfd8965-b81b-469f-8649-f717ce97a5d5} aComponent={NvramStoreWrap} aText={The UEFI NVRAM file is not existing for this machine}, preserve=false aResultDetail=0
00:13:41.053875          ERROR [COM]: aRC=E_ACCESSDENIED (0x80070005) aIID={e36a5081-a82a-40bd-9e4e-42a44d6ce50f} aComponent={MachineWrap} aText={The object functionality is limited}, preserve=false aResultDetail=0
00:13:41.054005          ERROR [COM]: aRC=E_ACCESSDENIED (0x80070005) aIID={e36a5081-a82a-40bd-9e4e-42a44d6ce50f} aComponent={MachineWrap} aText={The object functionality is limited}, preserve=false aResultDetail=0
00:13:41.054028          ERROR [COM]: aRC=E_ACCESSDENIED (0x80070005) aIID={e36a5081-a82a-40bd-9e4e-42a44d6ce50f} aComponent={MachineWrap} aText={The object functionality is limited}, preserve=false aResultDetail=0
00:13:41.054048          ERROR [COM]: aRC=E_ACCESSDENIED (0x80070005) aIID={e36a5081-a82a-40bd-9e4e-42a44d6ce50f} aComponent={MachineWrap} aText={The object functionality is limited}, preserve=false aResultDetail=0
00:13:41.054067          ERROR [COM]: aRC=E_ACCESSDENIED (0x80070005) aIID={e36a5081-a82a-40bd-9e4e-42a44d6ce50f} aComponent={MachineWrap} aText={The object functionality is limited}, preserve=false aResultDetail=0
00:13:41.079516          ERROR [COM]: aRC=E_ACCESSDENIED (0x80070005) aIID={e36a5081-a82a-40bd-9e4e-42a44d6ce50f} aComponent={MachineWrap} aText={The object functionality is limited}, preserve=false aResultDetail=0
00:13:41.079550          ERROR [COM]: aRC=E_ACCESSDENIED (0x80070005) aIID={e36a5081-a82a-40bd-9e4e-42a44d6ce50f} aComponent={MachineWrap} aText={The object functionality is limited}, preserve=false aResultDetail=0
00:13:41.079579          ERROR [COM]: aRC=E_ACCESSDENIED (0x80070005) aIID={e36a5081-a82a-40bd-9e4e-42a44d6ce50f} aComponent={MachineWrap} aText={The object functionality is limited}, preserve=false aResultDetail=0
00:13:41.079596          ERROR [COM]: aRC=E_ACCESSDENIED (0x80070005) aIID={e36a5081-a82a-40bd-9e4e-42a44d6ce50f} aComponent={MachineWrap} aText={The object functionality is limited}, preserve=false aResultDetail=0
00:13:41.079612          ERROR [COM]: aRC=E_ACCESSDENIED (0x80070005) aIID={e36a5081-a82a-40bd-9e4e-42a44d6ce50f} aComponent={MachineWrap} aText={The object functionality is limited}, preserve=false aResultDetail=0
00:13:41.291547          ERROR [COM]: aRC=VBOX_E_OBJECT_NOT_FOUND (0x80bb0001) aIID={5bfd8965-b81b-469f-8649-f717ce97a5d5} aComponent={NvramStoreWrap} aText={The UEFI NVRAM file is not existing for this machine}, preserve=false aResultDetail=0
00:13:41.294897          ERROR [COM]: aRC=VBOX_E_INVALID_VM_STATE (0x80bb0002) aIID={e36a5081-a82a-40bd-9e4e-42a44d6ce50f} aComponent={MachineWrap} aText={The machine is not mutable, saved or running (state is PoweredOff)}, preserve=false aResultDetail=0
00:13:44.720116          Saving settings file "C:\Users\diorg\.VirtualBox\VirtualBox.xml" with version "1.12-windows"
00:13:44.724619          Finished saving settings file "C:\Users\diorg\.VirtualBox\VirtualBox.xml"
00:14:07.658004          Saving settings file "C:\Users\diorg\.VirtualBox\VirtualBox.xml" with version "1.12-windows"
00:14:07.663426          Finished saving settings file "C:\Users\diorg\.VirtualBox\VirtualBox.xml"
00:14:09.033616          Platform architecture set to 'x86'
00:14:09.036567          ERROR [COM]: aRC=VBOX_E_OBJECT_NOT_FOUND (0x80bb0001) aIID={5bfd8965-b81b-469f-8649-f717ce97a5d5} aComponent={NvramStoreWrap} aText={The UEFI NVRAM file is not existing for this machine}, preserve=false aResultDetail=0
00:14:09.064903          ERROR [COM]: aRC=E_ACCESSDENIED (0x80070005) aIID={e36a5081-a82a-40bd-9e4e-42a44d6ce50f} aComponent={MachineWrap} aText={The object functionality is limited}, preserve=false aResultDetail=0
00:14:09.064939          ERROR [COM]: aRC=E_ACCESSDENIED (0x80070005) aIID={e36a5081-a82a-40bd-9e4e-42a44d6ce50f} aComponent={MachineWrap} aText={The object functionality is limited}, preserve=false aResultDetail=0
00:14:09.064951          ERROR [COM]: aRC=E_ACCESSDENIED (0x80070005) aIID={e36a5081-a82a-40bd-9e4e-42a44d6ce50f} aComponent={MachineWrap} aText={The object functionality is limited}, preserve=false aResultDetail=0
00:14:09.064962          ERROR [COM]: aRC=E_ACCESSDENIED (0x80070005) aIID={e36a5081-a82a-40bd-9e4e-42a44d6ce50f} aComponent={MachineWrap} aText={The object functionality is limited}, preserve=false aResultDetail=0
00:14:09.064973          ERROR [COM]: aRC=E_ACCESSDENIED (0x80070005) aIID={e36a5081-a82a-40bd-9e4e-42a44d6ce50f} aComponent={MachineWrap} aText={The object functionality is limited}, preserve=false aResultDetail=0
00:14:09.087490          ERROR [COM]: aRC=E_ACCESSDENIED (0x80070005) aIID={e36a5081-a82a-40bd-9e4e-42a44d6ce50f} aComponent={MachineWrap} aText={The object functionality is limited}, preserve=false aResultDetail=0
00:14:09.087524          ERROR [COM]: aRC=E_ACCESSDENIED (0x80070005) aIID={e36a5081-a82a-40bd-9e4e-42a44d6ce50f} aComponent={MachineWrap} aText={The object functionality is limited}, preserve=false aResultDetail=0
00:14:09.087537          ERROR [COM]: aRC=E_ACCESSDENIED (0x80070005) aIID={e36a5081-a82a-40bd-9e4e-42a44d6ce50f} aComponent={MachineWrap} aText={The object functionality is limited}, preserve=false aResultDetail=0
00:14:09.087547          ERROR [COM]: aRC=E_ACCESSDENIED (0x80070005) aIID={e36a5081-a82a-40bd-9e4e-42a44d6ce50f} aComponent={MachineWrap} aText={The object functionality is limited}, preserve=false aResultDetail=0
00:14:09.087557          ERROR [COM]: aRC=E_ACCESSDENIED (0x80070005) aIID={e36a5081-a82a-40bd-9e4e-42a44d6ce50f} aComponent={MachineWrap} aText={The object functionality is limited}, preserve=false aResultDetail=0
00:14:09.375506          ERROR [COM]: aRC=VBOX_E_OBJECT_NOT_FOUND (0x80bb0001) aIID={5bfd8965-b81b-469f-8649-f717ce97a5d5} aComponent={NvramStoreWrap} aText={The UEFI NVRAM file is not existing for this machine}, preserve=false aResultDetail=0
00:14:09.378731          ERROR [COM]: aRC=VBOX_E_INVALID_VM_STATE (0x80bb0002) aIID={e36a5081-a82a-40bd-9e4e-42a44d6ce50f} aComponent={MachineWrap} aText={The machine is not mutable, saved or running (state is PoweredOff)}, preserve=false aResultDetail=0
00:14:18.211718          Saving settings file "C:\Users\diorg\.VirtualBox\VirtualBox.xml" with version "1.12-windows"
00:14:18.217764          Finished saving settings file "C:\Users\diorg\.VirtualBox\VirtualBox.xml"
00:14:18.235300          ERROR [COM]: aRC=VBOX_E_OBJECT_NOT_FOUND (0x80bb0001) aIID={5bfd8965-b81b-469f-8649-f717ce97a5d5} aComponent={NvramStoreWrap} aText={The UEFI NVRAM file is not existing for this machine}, preserve=false aResultDetail=0
00:14:18.239506          ERROR [COM]: aRC=VBOX_E_INVALID_VM_STATE (0x80bb0002) aIID={e36a5081-a82a-40bd-9e4e-42a44d6ce50f} aComponent={MachineWrap} aText={The machine is not mutable, saved or running (state is PoweredOff)}, preserve=false aResultDetail=0
00:14:19.611852          Saving settings file "C:\Users\diorg\.VirtualBox\VirtualBox.xml" with version "1.12-windows"
00:14:19.620199          Finished saving settings file "C:\Users\diorg\.VirtualBox\VirtualBox.xml"
00:14:19.628369          ERROR [COM]: aRC=VBOX_E_OBJECT_NOT_FOUND (0x80bb0001) aIID={5bfd8965-b81b-469f-8649-f717ce97a5d5} aComponent={NvramStoreWrap} aText={The UEFI NVRAM file is not existing for this machine}, preserve=false aResultDetail=0
00:14:19.632732          ERROR [COM]: aRC=VBOX_E_INVALID_VM_STATE (0x80bb0002) aIID={e36a5081-a82a-40bd-9e4e-42a44d6ce50f} aComponent={MachineWrap} aText={The machine is not mutable, saved or running (state is PoweredOff)}, preserve=false aResultDetail=0
00:14:37.720248          Saving settings file "C:\Users\diorg\.VirtualBox\VirtualBox.xml" with version "1.12-windows"
00:14:37.726837          Finished saving settings file "C:\Users\diorg\.VirtualBox\VirtualBox.xml"
00:14:38.531823          Saving settings file "C:\Users\diorg\.VirtualBox\VirtualBox.xml" with version "1.12-windows"
00:14:38.537203          Finished saving settings file "C:\Users\diorg\.VirtualBox\VirtualBox.xml"
00:14:50.058121          Platform architecture set to 'x86'
00:14:50.061426          ERROR [COM]: aRC=VBOX_E_OBJECT_NOT_FOUND (0x80bb0001) aIID={5bfd8965-b81b-469f-8649-f717ce97a5d5} aComponent={NvramStoreWrap} aText={The UEFI NVRAM file is not existing for this machine}, preserve=false aResultDetail=0
00:14:50.160948          ERROR [COM]: aRC=E_ACCESSDENIED (0x80070005) aIID={e36a5081-a82a-40bd-9e4e-42a44d6ce50f} aComponent={MachineWrap} aText={The object functionality is limited}, preserve=false aResultDetail=0
00:14:50.160981          ERROR [COM]: aRC=E_ACCESSDENIED (0x80070005) aIID={e36a5081-a82a-40bd-9e4e-42a44d6ce50f} aComponent={MachineWrap} aText={The object functionality is limited}, preserve=false aResultDetail=0
00:14:50.160993          ERROR [COM]: aRC=E_ACCESSDENIED (0x80070005) aIID={e36a5081-a82a-40bd-9e4e-42a44d6ce50f} aComponent={MachineWrap} aText={The object functionality is limited}, preserve=false aResultDetail=0
00:14:50.161004          ERROR [COM]: aRC=E_ACCESSDENIED (0x80070005) aIID={e36a5081-a82a-40bd-9e4e-42a44d6ce50f} aComponent={MachineWrap} aText={The object functionality is limited}, preserve=false aResultDetail=0
00:14:50.161015          ERROR [COM]: aRC=E_ACCESSDENIED (0x80070005) aIID={e36a5081-a82a-40bd-9e4e-42a44d6ce50f} aComponent={MachineWrap} aText={The object functionality is limited}, preserve=false aResultDetail=0
00:14:50.190343          ERROR [COM]: aRC=E_ACCESSDENIED (0x80070005) aIID={e36a5081-a82a-40bd-9e4e-42a44d6ce50f} aComponent={MachineWrap} aText={The object functionality is limited}, preserve=false aResultDetail=0
00:14:50.190392          ERROR [COM]: aRC=E_ACCESSDENIED (0x80070005) aIID={e36a5081-a82a-40bd-9e4e-42a44d6ce50f} aComponent={MachineWrap} aText={The object functionality is limited}, preserve=false aResultDetail=0
00:14:50.190405          ERROR [COM]: aRC=E_ACCESSDENIED (0x80070005) aIID={e36a5081-a82a-40bd-9e4e-42a44d6ce50f} aComponent={MachineWrap} aText={The object functionality is limited}, preserve=false aResultDetail=0
00:14:50.190424          ERROR [COM]: aRC=E_ACCESSDENIED (0x80070005) aIID={e36a5081-a82a-40bd-9e4e-42a44d6ce50f} aComponent={MachineWrap} aText={The object functionality is limited}, preserve=false aResultDetail=0
00:14:50.190440          ERROR [COM]: aRC=E_ACCESSDENIED (0x80070005) aIID={e36a5081-a82a-40bd-9e4e-42a44d6ce50f} aComponent={MachineWrap} aText={The object functionality is limited}, preserve=false aResultDetail=0
00:14:50.448066          ERROR [COM]: aRC=VBOX_E_OBJECT_NOT_FOUND (0x80bb0001) aIID={5bfd8965-b81b-469f-8649-f717ce97a5d5} aComponent={NvramStoreWrap} aText={The UEFI NVRAM file is not existing for this machine}, preserve=false aResultDetail=0
00:14:50.454176          ERROR [COM]: aRC=VBOX_E_INVALID_VM_STATE (0x80bb0002) aIID={e36a5081-a82a-40bd-9e4e-42a44d6ce50f} aComponent={MachineWrap} aText={The machine is not mutable, saved or running (state is PoweredOff)}, preserve=false aResultDetail=0
00:15:25.710342          Saving settings file "C:\Users\diorg\.VirtualBox\VirtualBox.xml" with version "1.12-windows"
00:15:25.715373          Finished saving settings file "C:\Users\diorg\.VirtualBox\VirtualBox.xml"
00:15:26.232252          Saving settings file "C:\Users\diorg\.VirtualBox\VirtualBox.xml" with version "1.12-windows"
00:15:26.238500          Finished saving settings file "C:\Users\diorg\.VirtualBox\VirtualBox.xml"
00:15:27.438525          Saving settings file "C:\Users\diorg\.VirtualBox\VirtualBox.xml" with version "1.12-windows"
00:15:27.441911          Finished saving settings file "C:\Users\diorg\.VirtualBox\VirtualBox.xml"
00:15:29.083868          Platform architecture set to 'x86'
00:15:29.087269          ERROR [COM]: aRC=VBOX_E_OBJECT_NOT_FOUND (0x80bb0001) aIID={5bfd8965-b81b-469f-8649-f717ce97a5d5} aComponent={NvramStoreWrap} aText={The UEFI NVRAM file is not existing for this machine}, preserve=false aResultDetail=0
00:15:29.121875          ERROR [COM]: aRC=E_ACCESSDENIED (0x80070005) aIID={e36a5081-a82a-40bd-9e4e-42a44d6ce50f} aComponent={MachineWrap} aText={The object functionality is limited}, preserve=false aResultDetail=0
00:15:29.121910          ERROR [COM]: aRC=E_ACCESSDENIED (0x80070005) aIID={e36a5081-a82a-40bd-9e4e-42a44d6ce50f} aComponent={MachineWrap} aText={The object functionality is limited}, preserve=false aResultDetail=0
00:15:29.121922          ERROR [COM]: aRC=E_ACCESSDENIED (0x80070005) aIID={e36a5081-a82a-40bd-9e4e-42a44d6ce50f} aComponent={MachineWrap} aText={The object functionality is limited}, preserve=false aResultDetail=0
00:15:29.121932          ERROR [COM]: aRC=E_ACCESSDENIED (0x80070005) aIID={e36a5081-a82a-40bd-9e4e-42a44d6ce50f} aComponent={MachineWrap} aText={The object functionality is limited}, preserve=false aResultDetail=0
00:15:29.121942          ERROR [COM]: aRC=E_ACCESSDENIED (0x80070005) aIID={e36a5081-a82a-40bd-9e4e-42a44d6ce50f} aComponent={MachineWrap} aText={The object functionality is limited}, preserve=false aResultDetail=0
00:15:29.146084          ERROR [COM]: aRC=E_ACCESSDENIED (0x80070005) aIID={e36a5081-a82a-40bd-9e4e-42a44d6ce50f} aComponent={MachineWrap} aText={The object functionality is limited}, preserve=false aResultDetail=0
00:15:29.146120          ERROR [COM]: aRC=E_ACCESSDENIED (0x80070005) aIID={e36a5081-a82a-40bd-9e4e-42a44d6ce50f} aComponent={MachineWrap} aText={The object functionality is limited}, preserve=false aResultDetail=0
00:15:29.146133          ERROR [COM]: aRC=E_ACCESSDENIED (0x80070005) aIID={e36a5081-a82a-40bd-9e4e-42a44d6ce50f} aComponent={MachineWrap} aText={The object functionality is limited}, preserve=false aResultDetail=0
00:15:29.146144          ERROR [COM]: aRC=E_ACCESSDENIED (0x80070005) aIID={e36a5081-a82a-40bd-9e4e-42a44d6ce50f} aComponent={MachineWrap} aText={The object functionality is limited}, preserve=false aResultDetail=0
00:15:29.146154          ERROR [COM]: aRC=E_ACCESSDENIED (0x80070005) aIID={e36a5081-a82a-40bd-9e4e-42a44d6ce50f} aComponent={MachineWrap} aText={The object functionality is limited}, preserve=false aResultDetail=0
00:15:29.474829          ERROR [COM]: aRC=VBOX_E_OBJECT_NOT_FOUND (0x80bb0001) aIID={5bfd8965-b81b-469f-8649-f717ce97a5d5} aComponent={NvramStoreWrap} aText={The UEFI NVRAM file is not existing for this machine}, preserve=false aResultDetail=0
00:15:29.477385          ERROR [COM]: aRC=VBOX_E_INVALID_VM_STATE (0x80bb0002) aIID={e36a5081-a82a-40bd-9e4e-42a44d6ce50f} aComponent={MachineWrap} aText={The machine is not mutable, saved or running (state is PoweredOff)}, preserve=false aResultDetail=0
00:15:51.256129          Saving settings file "C:\Users\diorg\.VirtualBox\VirtualBox.xml" with version "1.12-windows"
00:15:51.260193          Finished saving settings file "C:\Users\diorg\.VirtualBox\VirtualBox.xml"
00:16:40.487305          Saving settings file "C:\Users\diorg\.VirtualBox\VirtualBox.xml" with version "1.12-windows"
00:16:40.490338          Finished saving settings file "C:\Users\diorg\.VirtualBox\VirtualBox.xml"
00:17:31.423380          Saving settings file "C:\Users\diorg\.VirtualBox\VirtualBox.xml" with version "1.12-windows"
00:17:31.428465          Finished saving settings file "C:\Users\diorg\.VirtualBox\VirtualBox.xml"
00:18:39.506945          Saving settings file "C:\Users\diorg\.VirtualBox\VirtualBox.xml" with version "1.12-windows"
00:18:39.510157          Finished saving settings file "C:\Users\diorg\.VirtualBox\VirtualBox.xml"
00:18:44.377729          Saving settings file "C:\Users\diorg\.VirtualBox\VirtualBox.xml" with version "1.12-windows"
00:18:44.383427          Finished saving settings file "C:\Users\diorg\.VirtualBox\VirtualBox.xml"
00:18:45.463452          Saving settings file "C:\Users\diorg\.VirtualBox\VirtualBox.xml" with version "1.12-windows"
00:18:45.468496          Finished saving settings file "C:\Users\diorg\.VirtualBox\VirtualBox.xml"
00:18:46.297488          Saving settings file "C:\Users\diorg\.VirtualBox\VirtualBox.xml" with version "1.12-windows"
00:18:46.302301          Finished saving settings file "C:\Users\diorg\.VirtualBox\VirtualBox.xml"
00:19:07.438118          Saving settings file "C:\Users\diorg\.VirtualBox\VirtualBox.xml" with version "1.12-windows"
00:19:07.445856          Finished saving settings file "C:\Users\diorg\.VirtualBox\VirtualBox.xml"
00:19:14.250175          Saving settings file "C:\Users\diorg\.VirtualBox\VirtualBox.xml" with version "1.12-windows"
00:19:14.256336          Finished saving settings file "C:\Users\diorg\.VirtualBox\VirtualBox.xml"
00:19:15.887451          Saving settings file "C:\Users\diorg\.VirtualBox\VirtualBox.xml" with version "1.12-windows"
00:19:15.893058          Finished saving settings file "C:\Users\diorg\.VirtualBox\VirtualBox.xml"
00:19:17.480300          Saving settings file "C:\Users\diorg\.VirtualBox\VirtualBox.xml" with version "1.12-windows"
00:19:17.485849          Finished saving settings file "C:\Users\diorg\.VirtualBox\VirtualBox.xml"
00:19:19.114464          Saving settings file "C:\Users\diorg\.VirtualBox\VirtualBox.xml" with version "1.12-windows"
00:19:19.121708          Finished saving settings file "C:\Users\diorg\.VirtualBox\VirtualBox.xml"
00:19:55.581696          Saving settings file "C:\Users\diorg\.VirtualBox\VirtualBox.xml" with version "1.12-windows"
00:19:55.587134          Finished saving settings file "C:\Users\diorg\.VirtualBox\VirtualBox.xml"
00:20:20.916287          Saving settings file "C:\Users\diorg\.VirtualBox\VirtualBox.xml" with version "1.12-windows"
00:20:20.920715          Finished saving settings file "C:\Users\diorg\.VirtualBox\VirtualBox.xml"
00:20:20.922299          Saving settings file "C:\Users\diorg\.VirtualBox\VirtualBox.xml" with version "1.12-windows"
00:20:20.926126          Finished saving settings file "C:\Users\diorg\.VirtualBox\VirtualBox.xml"
00:20:33.061861          Saving settings file "C:\Users\diorg\.VirtualBox\VirtualBox.xml" with version "1.12-windows"
00:20:33.066690          Finished saving settings file "C:\Users\diorg\.VirtualBox\VirtualBox.xml"
00:20:46.637655          Platform architecture set to 'x86'
00:20:46.661101          ERROR [COM]: aRC=E_ACCESSDENIED (0x80070005) aIID={e36a5081-a82a-40bd-9e4e-42a44d6ce50f} aComponent={MachineWrap} aText={The object functionality is limited}, preserve=false aResultDetail=0
00:20:46.661141          ERROR [COM]: aRC=E_ACCESSDENIED (0x80070005) aIID={e36a5081-a82a-40bd-9e4e-42a44d6ce50f} aComponent={MachineWrap} aText={The object functionality is limited}, preserve=false aResultDetail=0
00:20:46.661155          ERROR [COM]: aRC=E_ACCESSDENIED (0x80070005) aIID={e36a5081-a82a-40bd-9e4e-42a44d6ce50f} aComponent={MachineWrap} aText={The object functionality is limited}, preserve=false aResultDetail=0
00:20:46.661167          ERROR [COM]: aRC=E_ACCESSDENIED (0x80070005) aIID={e36a5081-a82a-40bd-9e4e-42a44d6ce50f} aComponent={MachineWrap} aText={The object functionality is limited}, preserve=false aResultDetail=0
00:20:46.661180          ERROR [COM]: aRC=E_ACCESSDENIED (0x80070005) aIID={e36a5081-a82a-40bd-9e4e-42a44d6ce50f} aComponent={MachineWrap} aText={The object functionality is limited}, preserve=false aResultDetail=0
00:20:46.661219          ERROR [COM]: aRC=E_ACCESSDENIED (0x80070005) aIID={e36a5081-a82a-40bd-9e4e-42a44d6ce50f} aComponent={MachineWrap} aText={The object functionality is limited}, preserve=false aResultDetail=0
00:20:46.661234          ERROR [COM]: aRC=E_ACCESSDENIED (0x80070005) aIID={e36a5081-a82a-40bd-9e4e-42a44d6ce50f} aComponent={MachineWrap} aText={The object functionality is limited}, preserve=false aResultDetail=0
00:20:46.661245          ERROR [COM]: aRC=E_ACCESSDENIED (0x80070005) aIID={e36a5081-a82a-40bd-9e4e-42a44d6ce50f} aComponent={MachineWrap} aText={The object functionality is limited}, preserve=false aResultDetail=0
00:20:46.661255          ERROR [COM]: aRC=E_ACCESSDENIED (0x80070005) aIID={e36a5081-a82a-40bd-9e4e-42a44d6ce50f} aComponent={MachineWrap} aText={The object functionality is limited}, preserve=false aResultDetail=0
00:20:46.661266          ERROR [COM]: aRC=E_ACCESSDENIED (0x80070005) aIID={e36a5081-a82a-40bd-9e4e-42a44d6ce50f} aComponent={MachineWrap} aText={The object functionality is limited}, preserve=false aResultDetail=0
00:20:46.661325          Saving settings file "C:\Users\diorg\.VirtualBox\VirtualBox.xml" with version "1.12-windows"
00:20:46.665420          Finished saving settings file "C:\Users\diorg\.VirtualBox\VirtualBox.xml"
00:20:46.695747          Saving settings file "C:\Users\diorg\OneDrive\Documentos\Maquinas vituais\linux ubuntu\linux ubuntu.vbox" with version "1.19-windows"
00:20:46.699519          Finished saving settings file "C:\Users\diorg\OneDrive\Documentos\Maquinas vituais\linux ubuntu\linux ubuntu.vbox"
00:20:46.760685          ERROR [COM]: aRC=VBOX_E_OBJECT_NOT_FOUND (0x80bb0001) aIID={5bfd8965-b81b-469f-8649-f717ce97a5d5} aComponent={NvramStoreWrap} aText={The UEFI NVRAM file is not existing for this machine}, preserve=false aResultDetail=0
00:20:46.764212          ERROR [COM]: aRC=VBOX_E_INVALID_VM_STATE (0x80bb0002) aIID={e36a5081-a82a-40bd-9e4e-42a44d6ce50f} aComponent={MachineWrap} aText={The machine is not mutable, saved or running (state is PoweredOff)}, preserve=false aResultDetail=0
00:20:50.176807          Saving settings file "C:\Users\diorg\.VirtualBox\VirtualBox.xml" with version "1.12-windows"
00:20:50.180550          Finished saving settings file "C:\Users\diorg\.VirtualBox\VirtualBox.xml"
00:20:51.367807          Saving settings file "C:\Users\diorg\.VirtualBox\VirtualBox.xml" with version "1.12-windows"
00:20:51.373175          Finished saving settings file "C:\Users\diorg\.VirtualBox\VirtualBox.xml"
00:20:53.715998          Saving settings file "C:\Users\diorg\.VirtualBox\VirtualBox.xml" with version "1.12-windows"
00:20:53.722312          Finished saving settings file "C:\Users\diorg\.VirtualBox\VirtualBox.xml"
00:20:54.884055          Launched VM: 2633484928 pid: 1944 (0x798) frontend: GUI/Qt name: linux ubuntu
00:20:54.938865          ERROR [COM]: aRC=VBOX_E_OBJECT_NOT_FOUND (0x80bb0001) aIID={5bfd8965-b81b-469f-8649-f717ce97a5d5} aComponent={NvramStoreWrap} aText={The UEFI NVRAM file is not existing for this machine}, preserve=false aResultDetail=0
00:20:54.971040          ERROR [COM]: aRC=VBOX_E_INVALID_VM_STATE (0x80bb0002) aIID={e36a5081-a82a-40bd-9e4e-42a44d6ce50f} aComponent={MachineWrap} aText={The machine is not mutable, saved or running (state is PoweredOff)}, preserve=false aResultDetail=0
00:20:59.231187          Saving settings file "C:\Users\diorg\.VirtualBox\VirtualBox.xml" with version "1.12-windows"
00:20:59.235324          Finished saving settings file "C:\Users\diorg\.VirtualBox\VirtualBox.xml"
00:21:02.892255          Platform architecture set to 'x86'
00:21:03.030442          Saving settings file "C:\Users\diorg\.VirtualBox\VirtualBox.xml" with version "1.12-windows"
00:21:03.035556          Finished saving settings file "C:\Users\diorg\.VirtualBox\VirtualBox.xml"
00:21:03.135142          ERROR [COM]: aRC=VBOX_E_OBJECT_NOT_FOUND (0x80bb0001) aIID={5bfd8965-b81b-469f-8649-f717ce97a5d5} aComponent={NvramStoreWrap} aText={The UEFI NVRAM file is not existing for this machine}, preserve=false aResultDetail=0
00:21:03.139016          ERROR [COM]: aRC=VBOX_E_INVALID_VM_STATE (0x80bb0002) aIID={e36a5081-a82a-40bd-9e4e-42a44d6ce50f} aComponent={MachineWrap} aText={The machine is not mutable, saved or running (state is PoweredOff)}, preserve=false aResultDetail=0
00:21:03.497556          Saving settings file "C:\Users\diorg\.VirtualBox\VirtualBox.xml" with version "1.12-windows"
00:21:03.502727          Finished saving settings file "C:\Users\diorg\.VirtualBox\VirtualBox.xml"
00:21:03.997070          Load [C:\Program Files\Oracle\VirtualBox\ExtensionPacks\Oracle_VirtualBox_Extension_Pack\win.amd64\VBoxHostWebcam.DLL] vrc=VINF_SUCCESS
00:21:04.072361          ERROR [COM]: aRC=E_FAIL (0x80004005) aIID={bea3ef5c-de2f-4b74-aa3a-15d6249371a0} aComponent={RecordingSettingsWrap} aText={Recording not started}, preserve=false aResultDetail=0
00:21:05.429195          ERROR [COM]: aRC=E_FAIL (0x80004005) aIID={bea3ef5c-de2f-4b74-aa3a-15d6249371a0} aComponent={RecordingSettingsWrap} aText={Recording not started}, preserve=false aResultDetail=0
00:21:05.437606          ERROR [COM]: aRC=VBOX_E_OBJECT_NOT_FOUND (0x80bb0001) aIID={5bfd8965-b81b-469f-8649-f717ce97a5d5} aComponent={NvramStoreWrap} aText={The UEFI NVRAM file is not existing for this machine}, preserve=false aResultDetail=0
00:21:05.440489          ERROR [COM]: aRC=VBOX_E_INVALID_VM_STATE (0x80bb0002) aIID={e36a5081-a82a-40bd-9e4e-42a44d6ce50f} aComponent={SessionMachine} aText={The machine is not mutable or saved (state is Starting)}, preserve=false aResultDetail=0
00:21:05.459345          ERROR [COM]: aRC=VBOX_E_INVALID_VM_STATE (0x80bb0002) aIID={e36a5081-a82a-40bd-9e4e-42a44d6ce50f} aComponent={MachineWrap} aText={The machine is not mutable, saved or running (state is Starting)}, preserve=false aResultDetail=0
00:21:05.838646          Saving settings file "C:\Users\diorg\OneDrive\Documentos\Maquinas vituais\linux ubuntu\linux ubuntu.vbox" with version "1.19-windows"
00:21:05.844250          Finished saving settings file "C:\Users\diorg\OneDrive\Documentos\Maquinas vituais\linux ubuntu\linux ubuntu.vbox"
00:21:05.854927          ERROR [COM]: aRC=VBOX_E_OBJECT_NOT_FOUND (0x80bb0001) aIID={5bfd8965-b81b-469f-8649-f717ce97a5d5} aComponent={NvramStoreWrap} aText={The UEFI NVRAM file is not existing for this machine}, preserve=false aResultDetail=0
00:21:05.858477          ERROR [COM]: aRC=VBOX_E_INVALID_VM_STATE (0x80bb0002) aIID={e36a5081-a82a-40bd-9e4e-42a44d6ce50f} aComponent={MachineWrap} aText={The machine is not mutable, saved or running (state is Starting)}, preserve=false aResultDetail=0
00:21:07.044553          Saving settings file "C:\Users\diorg\.VirtualBox\VirtualBox.xml" with version "1.12-windows"
00:21:07.048216          Finished saving settings file "C:\Users\diorg\.VirtualBox\VirtualBox.xml"
00:21:07.063301          ERROR [COM]: aRC=VBOX_E_OBJECT_NOT_FOUND (0x80bb0001) aIID={7d510820-a678-4730-a862-818dcd3fbed0} aComponent={MediumWrap} aText={Property 'CRYPT/KeyId' does not exist}, preserve=false aResultDetail=0
00:21:07.063896          ERROR [COM]: aRC=VBOX_E_OBJECT_NOT_FOUND (0x80bb0001) aIID={7d510820-a678-4730-a862-818dcd3fbed0} aComponent={MediumWrap} aText={Property 'CRYPT/KeyId' does not exist}, preserve=false aResultDetail=0
00:21:07.064489          HostDnsMonitorProxy::GetDomainName: no domain set
00:21:07.064546          HostDnsMonitorProxy::GetNameServers:
00:21:07.064555            name server 1: 192.168.1.254
00:21:07.064610          HostDnsMonitorProxy::GetSearchStrings:
00:21:07.064619            no search string entries
00:21:07.082785          ERROR [COM]: aRC=E_FAIL (0x80004005) aIID={bea3ef5c-de2f-4b74-aa3a-15d6249371a0} aComponent={RecordingSettingsWrap} aText={Recording not started}, preserve=false aResultDetail=0
00:21:07.148238          ERROR [COM]: aRC=VBOX_E_OBJECT_NOT_FOUND (0x80bb0001) aIID={5bfd8965-b81b-469f-8649-f717ce97a5d5} aComponent={NvramStoreWrap} aText={The UEFI NVRAM file is not existing for this machine}, preserve=false aResultDetail=0
00:21:07.201714          ERROR [COM]: aRC=VBOX_E_INVALID_VM_STATE (0x80bb0002) aIID={e36a5081-a82a-40bd-9e4e-42a44d6ce50f} aComponent={MachineWrap} aText={The machine is not mutable, saved or running (state is Running)}, preserve=false aResultDetail=0
00:21:10.453781          Saving settings file "C:\Users\diorg\OneDrive\Documentos\Maquinas vituais\linux ubuntu\linux ubuntu.vbox" with version "1.19-windows"
00:21:10.459287          Finished saving settings file "C:\Users\diorg\OneDrive\Documentos\Maquinas vituais\linux ubuntu\linux ubuntu.vbox"
00:21:10.467741          ERROR [COM]: aRC=VBOX_E_OBJECT_NOT_FOUND (0x80bb0001) aIID={5bfd8965-b81b-469f-8649-f717ce97a5d5} aComponent={NvramStoreWrap} aText={The UEFI NVRAM file is not existing for this machine}, preserve=false aResultDetail=0
00:21:10.476866          ERROR [COM]: aRC=VBOX_E_INVALID_VM_STATE (0x80bb0002) aIID={e36a5081-a82a-40bd-9e4e-42a44d6ce50f} aComponent={MachineWrap} aText={The machine is not mutable, saved or running (state is Running)}, preserve=false aResultDetail=0
00:21:46.454217          Saving settings file "C:\Users\diorg\OneDrive\Documentos\Maquinas vituais\linux ubuntu\linux ubuntu.vbox" with version "1.19-windows"
00:21:46.458663          Finished saving settings file "C:\Users\diorg\OneDrive\Documentos\Maquinas vituais\linux ubuntu\linux ubuntu.vbox"
00:21:46.465112          ERROR [COM]: aRC=VBOX_E_OBJECT_NOT_FOUND (0x80bb0001) aIID={5bfd8965-b81b-469f-8649-f717ce97a5d5} aComponent={NvramStoreWrap} aText={The UEFI NVRAM file is not existing for this machine}, preserve=false aResultDetail=0
00:21:46.506509          ERROR [COM]: aRC=VBOX_E_INVALID_VM_STATE (0x80bb0002) aIID={e36a5081-a82a-40bd-9e4e-42a44d6ce50f} aComponent={MachineWrap} aText={The machine is not mutable, saved or running (state is Running)}, preserve=false aResultDetail=0
00:22:04.499152          Saving settings file "C:\Users\diorg\OneDrive\Documentos\Maquinas vituais\linux ubuntu\linux ubuntu.vbox" with version "1.19-windows"
00:22:04.503017          Finished saving settings file "C:\Users\diorg\OneDrive\Documentos\Maquinas vituais\linux ubuntu\linux ubuntu.vbox"
00:22:04.511971          ERROR [COM]: aRC=VBOX_E_OBJECT_NOT_FOUND (0x80bb0001) aIID={5bfd8965-b81b-469f-8649-f717ce97a5d5} aComponent={NvramStoreWrap} aText={The UEFI NVRAM file is not existing for this machine}, preserve=false aResultDetail=0
00:22:04.528567          ERROR [COM]: aRC=VBOX_E_INVALID_VM_STATE (0x80bb0002) aIID={e36a5081-a82a-40bd-9e4e-42a44d6ce50f} aComponent={MachineWrap} aText={The machine is not mutable, saved or running (state is Running)}, preserve=false aResultDetail=0
00:22:05.500716          Saving settings file "C:\Users\diorg\OneDrive\Documentos\Maquinas vituais\linux ubuntu\linux ubuntu.vbox" with version "1.19-windows"
00:22:05.504187          Finished saving settings file "C:\Users\diorg\OneDrive\Documentos\Maquinas vituais\linux ubuntu\linux ubuntu.vbox"
00:22:05.510931          ERROR [COM]: aRC=VBOX_E_OBJECT_NOT_FOUND (0x80bb0001) aIID={5bfd8965-b81b-469f-8649-f717ce97a5d5} aComponent={NvramStoreWrap} aText={The UEFI NVRAM file is not existing for this machine}, preserve=false aResultDetail=0
00:22:05.520232          ERROR [COM]: aRC=VBOX_E_INVALID_VM_STATE (0x80bb0002) aIID={e36a5081-a82a-40bd-9e4e-42a44d6ce50f} aComponent={MachineWrap} aText={The machine is not mutable, saved or running (state is Running)}, preserve=false aResultDetail=0
00:22:09.890465          Saving settings file "C:\Users\diorg\OneDrive\Documentos\Maquinas vituais\linux ubuntu\linux ubuntu.vbox" with version "1.19-windows"
00:22:09.895686          Finished saving settings file "C:\Users\diorg\OneDrive\Documentos\Maquinas vituais\linux ubuntu\linux ubuntu.vbox"
00:22:09.911392          ERROR [COM]: aRC=VBOX_E_OBJECT_NOT_FOUND (0x80bb0001) aIID={5bfd8965-b81b-469f-8649-f717ce97a5d5} aComponent={NvramStoreWrap} aText={The UEFI NVRAM file is not existing for this machine}, preserve=false aResultDetail=0
00:22:09.923048          ERROR [COM]: aRC=VBOX_E_INVALID_VM_STATE (0x80bb0002) aIID={e36a5081-a82a-40bd-9e4e-42a44d6ce50f} aComponent={MachineWrap} aText={The machine is not mutable, saved or running (state is Running)}, preserve=false aResultDetail=0
00:22:14.076252          Saving settings file "C:\Users\diorg\OneDrive\Documentos\Maquinas vituais\linux ubuntu\linux ubuntu.vbox" with version "1.19-windows"
00:22:14.079926          Finished saving settings file "C:\Users\diorg\OneDrive\Documentos\Maquinas vituais\linux ubuntu\linux ubuntu.vbox"
00:22:14.104462          ERROR [COM]: aRC=VBOX_E_OBJECT_NOT_FOUND (0x80bb0001) aIID={5bfd8965-b81b-469f-8649-f717ce97a5d5} aComponent={NvramStoreWrap} aText={The UEFI NVRAM file is not existing for this machine}, preserve=false aResultDetail=0
00:22:14.124851          ERROR [COM]: aRC=VBOX_E_INVALID_VM_STATE (0x80bb0002) aIID={e36a5081-a82a-40bd-9e4e-42a44d6ce50f} aComponent={MachineWrap} aText={The machine is not mutable, saved or running (state is Running)}, preserve=false aResultDetail=0
00:22:14.969007          Saving settings file "C:\Users\diorg\OneDrive\Documentos\Maquinas vituais\linux ubuntu\linux ubuntu.vbox" with version "1.19-windows"
00:22:14.973097          Finished saving settings file "C:\Users\diorg\OneDrive\Documentos\Maquinas vituais\linux ubuntu\linux ubuntu.vbox"
00:22:14.979750          ERROR [COM]: aRC=VBOX_E_OBJECT_NOT_FOUND (0x80bb0001) aIID={5bfd8965-b81b-469f-8649-f717ce97a5d5} aComponent={NvramStoreWrap} aText={The UEFI NVRAM file is not existing for this machine}, preserve=false aResultDetail=0
00:22:14.991144          ERROR [COM]: aRC=VBOX_E_INVALID_VM_STATE (0x80bb0002) aIID={e36a5081-a82a-40bd-9e4e-42a44d6ce50f} aComponent={MachineWrap} aText={The machine is not mutable, saved or running (state is Running)}, preserve=false aResultDetail=0
00:22:17.797661          Saving settings file "C:\Users\diorg\OneDrive\Documentos\Maquinas vituais\linux ubuntu\linux ubuntu.vbox" with version "1.19-windows"
00:22:17.802744          Finished saving settings file "C:\Users\diorg\OneDrive\Documentos\Maquinas vituais\linux ubuntu\linux ubuntu.vbox"
00:22:17.812491          ERROR [COM]: aRC=VBOX_E_OBJECT_NOT_FOUND (0x80bb0001) aIID={5bfd8965-b81b-469f-8649-f717ce97a5d5} aComponent={NvramStoreWrap} aText={The UEFI NVRAM file is not existing for this machine}, preserve=false aResultDetail=0
00:22:17.822100          ERROR [COM]: aRC=VBOX_E_INVALID_VM_STATE (0x80bb0002) aIID={e36a5081-a82a-40bd-9e4e-42a44d6ce50f} aComponent={MachineWrap} aText={The machine is not mutable, saved or running (state is Running)}, preserve=false aResultDetail=0
00:22:26.501062          Saving settings file "C:\Users\diorg\OneDrive\Documentos\Maquinas vituais\linux ubuntu\linux ubuntu.vbox" with version "1.19-windows"
00:22:26.506374          Finished saving settings file "C:\Users\diorg\OneDrive\Documentos\Maquinas vituais\linux ubuntu\linux ubuntu.vbox"
00:22:26.517421          ERROR [COM]: aRC=VBOX_E_OBJECT_NOT_FOUND (0x80bb0001) aIID={5bfd8965-b81b-469f-8649-f717ce97a5d5} aComponent={NvramStoreWrap} aText={The UEFI NVRAM file is not existing for this machine}, preserve=false aResultDetail=0
00:22:26.529774          ERROR [COM]: aRC=VBOX_E_INVALID_VM_STATE (0x80bb0002) aIID={e36a5081-a82a-40bd-9e4e-42a44d6ce50f} aComponent={MachineWrap} aText={The machine is not mutable, saved or running (state is Running)}, preserve=false aResultDetail=0
00:22:28.280910          Saving settings file "C:\Users\diorg\OneDrive\Documentos\Maquinas vituais\linux ubuntu\linux ubuntu.vbox" with version "1.19-windows"
00:22:28.285501          Finished saving settings file "C:\Users\diorg\OneDrive\Documentos\Maquinas vituais\linux ubuntu\linux ubuntu.vbox"
00:22:28.294893          ERROR [COM]: aRC=VBOX_E_OBJECT_NOT_FOUND (0x80bb0001) aIID={5bfd8965-b81b-469f-8649-f717ce97a5d5} aComponent={NvramStoreWrap} aText={The UEFI NVRAM file is not existing for this machine}, preserve=false aResultDetail=0
00:22:28.310101          ERROR [COM]: aRC=VBOX_E_INVALID_VM_STATE (0x80bb0002) aIID={e36a5081-a82a-40bd-9e4e-42a44d6ce50f} aComponent={MachineWrap} aText={The machine is not mutable, saved or running (state is Running)}, preserve=false aResultDetail=0
00:22:44.858057          Saving settings file "C:\Users\diorg\OneDrive\Documentos\Maquinas vituais\linux ubuntu\linux ubuntu.vbox" with version "1.19-windows"
00:22:44.862504          Finished saving settings file "C:\Users\diorg\OneDrive\Documentos\Maquinas vituais\linux ubuntu\linux ubuntu.vbox"
00:22:44.869911          ERROR [COM]: aRC=VBOX_E_OBJECT_NOT_FOUND (0x80bb0001) aIID={5bfd8965-b81b-469f-8649-f717ce97a5d5} aComponent={NvramStoreWrap} aText={The UEFI NVRAM file is not existing for this machine}, preserve=false aResultDetail=0
00:22:44.878835          ERROR [COM]: aRC=VBOX_E_INVALID_VM_STATE (0x80bb0002) aIID={e36a5081-a82a-40bd-9e4e-42a44d6ce50f} aComponent={MachineWrap} aText={The machine is not mutable, saved or running (state is Running)}, preserve=false aResultDetail=0
00:22:49.363024          Saving settings file "C:\Users\diorg\OneDrive\Documentos\Maquinas vituais\linux ubuntu\linux ubuntu.vbox" with version "1.19-windows"
00:22:49.371103          Finished saving settings file "C:\Users\diorg\OneDrive\Documentos\Maquinas vituais\linux ubuntu\linux ubuntu.vbox"
00:22:49.393110          ERROR [COM]: aRC=VBOX_E_OBJECT_NOT_FOUND (0x80bb0001) aIID={5bfd8965-b81b-469f-8649-f717ce97a5d5} aComponent={NvramStoreWrap} aText={The UEFI NVRAM file is not existing for this machine}, preserve=false aResultDetail=0
00:22:49.406932          ERROR [COM]: aRC=VBOX_E_INVALID_VM_STATE (0x80bb0002) aIID={e36a5081-a82a-40bd-9e4e-42a44d6ce50f} aComponent={MachineWrap} aText={The machine is not mutable, saved or running (state is Running)}, preserve=false aResultDetail=0
00:22:57.531680          Saving settings file "C:\Users\diorg\OneDrive\Documentos\Maquinas vituais\linux ubuntu\linux ubuntu.vbox" with version "1.19-windows"
00:22:57.535476          Finished saving settings file "C:\Users\diorg\OneDrive\Documentos\Maquinas vituais\linux ubuntu\linux ubuntu.vbox"
00:22:57.544878          ERROR [COM]: aRC=VBOX_E_OBJECT_NOT_FOUND (0x80bb0001) aIID={5bfd8965-b81b-469f-8649-f717ce97a5d5} aComponent={NvramStoreWrap} aText={The UEFI NVRAM file is not existing for this machine}, preserve=false aResultDetail=0
00:22:57.562584          ERROR [COM]: aRC=VBOX_E_INVALID_VM_STATE (0x80bb0002) aIID={e36a5081-a82a-40bd-9e4e-42a44d6ce50f} aComponent={MachineWrap} aText={The machine is not mutable, saved or running (state is Running)}, preserve=false aResultDetail=0
00:23:44.860029          Saving settings file "C:\Users\diorg\OneDrive\Documentos\Maquinas vituais\linux ubuntu\linux ubuntu.vbox" with version "1.19-windows"
00:23:44.864355          Finished saving settings file "C:\Users\diorg\OneDrive\Documentos\Maquinas vituais\linux ubuntu\linux ubuntu.vbox"
00:23:44.875672          ERROR [COM]: aRC=VBOX_E_OBJECT_NOT_FOUND (0x80bb0001) aIID={5bfd8965-b81b-469f-8649-f717ce97a5d5} aComponent={NvramStoreWrap} aText={The UEFI NVRAM file is not existing for this machine}, preserve=false aResultDetail=0
00:23:44.884702          ERROR [COM]: aRC=VBOX_E_INVALID_VM_STATE (0x80bb0002) aIID={e36a5081-a82a-40bd-9e4e-42a44d6ce50f} aComponent={MachineWrap} aText={The machine is not mutable, saved or running (state is Running)}, preserve=false aResultDetail=0
00:23:47.702827          Saving settings file "C:\Users\diorg\OneDrive\Documentos\Maquinas vituais\linux ubuntu\linux ubuntu.vbox" with version "1.19-windows"
00:23:47.710809          Finished saving settings file "C:\Users\diorg\OneDrive\Documentos\Maquinas vituais\linux ubuntu\linux ubuntu.vbox"
00:23:47.717146          ERROR [COM]: aRC=VBOX_E_OBJECT_NOT_FOUND (0x80bb0001) aIID={5bfd8965-b81b-469f-8649-f717ce97a5d5} aComponent={NvramStoreWrap} aText={The UEFI NVRAM file is not existing for this machine}, preserve=false aResultDetail=0
00:23:47.726174          ERROR [COM]: aRC=VBOX_E_INVALID_VM_STATE (0x80bb0002) aIID={e36a5081-a82a-40bd-9e4e-42a44d6ce50f} aComponent={MachineWrap} aText={The machine is not mutable, saved or running (state is Running)}, preserve=false aResultDetail=0
00:23:52.332535          Saving settings file "C:\Users\diorg\OneDrive\Documentos\Maquinas vituais\linux ubuntu\linux ubuntu.vbox" with version "1.19-windows"
00:23:52.339451          Finished saving settings file "C:\Users\diorg\OneDrive\Documentos\Maquinas vituais\linux ubuntu\linux ubuntu.vbox"
00:23:52.352011          ERROR [COM]: aRC=VBOX_E_OBJECT_NOT_FOUND (0x80bb0001) aIID={5bfd8965-b81b-469f-8649-f717ce97a5d5} aComponent={NvramStoreWrap} aText={The UEFI NVRAM file is not existing for this machine}, preserve=false aResultDetail=0
00:23:52.364477          ERROR [COM]: aRC=VBOX_E_INVALID_VM_STATE (0x80bb0002) aIID={e36a5081-a82a-40bd-9e4e-42a44d6ce50f} aComponent={MachineWrap} aText={The machine is not mutable, saved or running (state is Running)}, preserve=false aResultDetail=0
00:38:12.167703 dns-monitor HostDnsMonitor: updating information
00:38:12.167744 dns-monitor HostDnsMonitor: unchanged
00:48:35.736732          Saving settings file "C:\Users\diorg\OneDrive\Documentos\Maquinas vituais\linux ubuntu\linux ubuntu.vbox" with version "1.19-windows"
00:48:35.744482          Finished saving settings file "C:\Users\diorg\OneDrive\Documentos\Maquinas vituais\linux ubuntu\linux ubuntu.vbox"
00:48:35.764733          ERROR [COM]: aRC=VBOX_E_OBJECT_NOT_FOUND (0x80bb0001) aIID={5bfd8965-b81b-469f-8649-f717ce97a5d5} aComponent={NvramStoreWrap} aText={The UEFI NVRAM file is not existing for this machine}, preserve=false aResultDetail=0
00:48:35.778741          ERROR [COM]: aRC=VBOX_E_INVALID_VM_STATE (0x80bb0002) aIID={e36a5081-a82a-40bd-9e4e-42a44d6ce50f} aComponent={MachineWrap} aText={The machine is not mutable, saved or running (state is Running)}, preserve=false aResultDetail=0
00:48:36.375361          Saving settings file "C:\Users\diorg\OneDrive\Documentos\Maquinas vituais\linux ubuntu\linux ubuntu.vbox" with version "1.19-windows"
00:48:36.378968          Finished saving settings file "C:\Users\diorg\OneDrive\Documentos\Maquinas vituais\linux ubuntu\linux ubuntu.vbox"
00:48:36.385248          ERROR [COM]: aRC=VBOX_E_OBJECT_NOT_FOUND (0x80bb0001) aIID={5bfd8965-b81b-469f-8649-f717ce97a5d5} aComponent={NvramStoreWrap} aText={The UEFI NVRAM file is not existing for this machine}, preserve=false aResultDetail=0
00:48:36.394741          ERROR [COM]: aRC=VBOX_E_INVALID_VM_STATE (0x80bb0002) aIID={e36a5081-a82a-40bd-9e4e-42a44d6ce50f} aComponent={MachineWrap} aText={The machine is not mutable, saved or running (state is Running)}, preserve=false aResultDetail=0
00:48:43.455858          ERROR [COM]: aRC=VBOX_E_OBJECT_NOT_FOUND (0x80bb0001) aIID={5bfd8965-b81b-469f-8649-f717ce97a5d5} aComponent={NvramStoreWrap} aText={The UEFI NVRAM file is not existing for this machine}, preserve=false aResultDetail=0
00:48:43.482987          ERROR [COM]: aRC=E_ACCESSDENIED (0x80070005) aIID={e36a5081-a82a-40bd-9e4e-42a44d6ce50f} aComponent={MachineWrap} aText={The object functionality is limited}, preserve=false aResultDetail=0
00:48:43.483085          ERROR [COM]: aRC=E_ACCESSDENIED (0x80070005) aIID={e36a5081-a82a-40bd-9e4e-42a44d6ce50f} aComponent={MachineWrap} aText={The object functionality is limited}, preserve=false aResultDetail=0
00:48:43.483206          ERROR [COM]: aRC=E_ACCESSDENIED (0x80070005) aIID={e36a5081-a82a-40bd-9e4e-42a44d6ce50f} aComponent={MachineWrap} aText={The object functionality is limited}, preserve=false aResultDetail=0
00:48:43.483234          ERROR [COM]: aRC=E_ACCESSDENIED (0x80070005) aIID={e36a5081-a82a-40bd-9e4e-42a44d6ce50f} aComponent={MachineWrap} aText={The object functionality is limited}, preserve=false aResultDetail=0
00:48:43.483256          ERROR [COM]: aRC=E_ACCESSDENIED (0x80070005) aIID={e36a5081-a82a-40bd-9e4e-42a44d6ce50f} aComponent={MachineWrap} aText={The object functionality is limited}, preserve=false aResultDetail=0
00:48:43.484397          ERROR [COM]: aRC=VBOX_E_INVALID_VM_STATE (0x80bb0002) aIID={e36a5081-a82a-40bd-9e4e-42a44d6ce50f} aComponent={MachineWrap} aText={The machine is not mutable, saved or running (state is Running)}, preserve=false aResultDetail=0
00:48:52.465968          ERROR [COM]: aRC=VBOX_E_OBJECT_NOT_FOUND (0x80bb0001) aIID={5bfd8965-b81b-469f-8649-f717ce97a5d5} aComponent={NvramStoreWrap} aText={The UEFI NVRAM file is not existing for this machine}, preserve=false aResultDetail=0
00:48:52.494390          ERROR [COM]: aRC=E_ACCESSDENIED (0x80070005) aIID={e36a5081-a82a-40bd-9e4e-42a44d6ce50f} aComponent={MachineWrap} aText={The object functionality is limited}, preserve=false aResultDetail=0
00:48:52.494440          ERROR [COM]: aRC=E_ACCESSDENIED (0x80070005) aIID={e36a5081-a82a-40bd-9e4e-42a44d6ce50f} aComponent={MachineWrap} aText={The object functionality is limited}, preserve=false aResultDetail=0
00:48:52.494463          ERROR [COM]: aRC=E_ACCESSDENIED (0x80070005) aIID={e36a5081-a82a-40bd-9e4e-42a44d6ce50f} aComponent={MachineWrap} aText={The object functionality is limited}, preserve=false aResultDetail=0
00:48:52.494484          ERROR [COM]: aRC=E_ACCESSDENIED (0x80070005) aIID={e36a5081-a82a-40bd-9e4e-42a44d6ce50f} aComponent={MachineWrap} aText={The object functionality is limited}, preserve=false aResultDetail=0
00:48:52.494505          ERROR [COM]: aRC=E_ACCESSDENIED (0x80070005) aIID={e36a5081-a82a-40bd-9e4e-42a44d6ce50f} aComponent={MachineWrap} aText={The object functionality is limited}, preserve=false aResultDetail=0
00:48:52.495043          Saving settings file "C:\Users\diorg\OneDrive\Documentos\Maquinas vituais\linux ubuntu\linux ubuntu.vbox" with version "1.19-windows"
00:48:52.500019          Finished saving settings file "C:\Users\diorg\OneDrive\Documentos\Maquinas vituais\linux ubuntu\linux ubuntu.vbox"
00:48:52.500501          ERROR [COM]: aRC=VBOX_E_INVALID_VM_STATE (0x80bb0002) aIID={e36a5081-a82a-40bd-9e4e-42a44d6ce50f} aComponent={MachineWrap} aText={The machine is not mutable, saved or running (state is Running)}, preserve=false aResultDetail=0
00:48:52.510491          ERROR [COM]: aRC=VBOX_E_OBJECT_NOT_FOUND (0x80bb0001) aIID={5bfd8965-b81b-469f-8649-f717ce97a5d5} aComponent={NvramStoreWrap} aText={The UEFI NVRAM file is not existing for this machine}, preserve=false aResultDetail=0
00:48:52.523358          ERROR [COM]: aRC=VBOX_E_INVALID_VM_STATE (0x80bb0002) aIID={e36a5081-a82a-40bd-9e4e-42a44d6ce50f} aComponent={MachineWrap} aText={The machine is not mutable, saved or running (state is Running)}, preserve=false aResultDetail=0
00:49:08.249565          Saving settings file "C:\Users\diorg\OneDrive\Documentos\Maquinas vituais\linux ubuntu\linux ubuntu.vbox" with version "1.19-windows"
00:49:08.254273          Finished saving settings file "C:\Users\diorg\OneDrive\Documentos\Maquinas vituais\linux ubuntu\linux ubuntu.vbox"
00:49:08.264184          ERROR [COM]: aRC=VBOX_E_OBJECT_NOT_FOUND (0x80bb0001) aIID={5bfd8965-b81b-469f-8649-f717ce97a5d5} aComponent={NvramStoreWrap} aText={The UEFI NVRAM file is not existing for this machine}, preserve=false aResultDetail=0
00:49:08.273595          ERROR [COM]: aRC=VBOX_E_INVALID_VM_STATE (0x80bb0002) aIID={e36a5081-a82a-40bd-9e4e-42a44d6ce50f} aComponent={MachineWrap} aText={The machine is not mutable, saved or running (state is Running)}, preserve=false aResultDetail=0
00:49:10.014778          Saving settings file "C:\Users\diorg\OneDrive\Documentos\Maquinas vituais\linux ubuntu\linux ubuntu.vbox" with version "1.19-windows"
00:49:10.018365          Finished saving settings file "C:\Users\diorg\OneDrive\Documentos\Maquinas vituais\linux ubuntu\linux ubuntu.vbox"
00:49:10.024832          ERROR [COM]: aRC=VBOX_E_OBJECT_NOT_FOUND (0x80bb0001) aIID={5bfd8965-b81b-469f-8649-f717ce97a5d5} aComponent={NvramStoreWrap} aText={The UEFI NVRAM file is not existing for this machine}, preserve=false aResultDetail=0
00:49:10.034291          ERROR [COM]: aRC=VBOX_E_INVALID_VM_STATE (0x80bb0002) aIID={e36a5081-a82a-40bd-9e4e-42a44d6ce50f} aComponent={MachineWrap} aText={The machine is not mutable, saved or running (state is Running)}, preserve=false aResultDetail=0
00:49:53.034873          Saving settings file "C:\Users\diorg\OneDrive\Documentos\Maquinas vituais\linux ubuntu\linux ubuntu.vbox" with version "1.19-windows"
00:49:53.042931          Finished saving settings file "C:\Users\diorg\OneDrive\Documentos\Maquinas vituais\linux ubuntu\linux ubuntu.vbox"
00:49:53.054296          ERROR [COM]: aRC=VBOX_E_OBJECT_NOT_FOUND (0x80bb0001) aIID={5bfd8965-b81b-469f-8649-f717ce97a5d5} aComponent={NvramStoreWrap} aText={The UEFI NVRAM file is not existing for this machine}, preserve=false aResultDetail=0
00:49:53.069223          ERROR [COM]: aRC=VBOX_E_INVALID_VM_STATE (0x80bb0002) aIID={e36a5081-a82a-40bd-9e4e-42a44d6ce50f} aComponent={MachineWrap} aText={The machine is not mutable, saved or running (state is Running)}, preserve=false aResultDetail=0
00:49:55.514423          Saving settings file "C:\Users\diorg\OneDrive\Documentos\Maquinas vituais\linux ubuntu\linux ubuntu.vbox" with version "1.19-windows"
00:49:55.517996          Finished saving settings file "C:\Users\diorg\OneDrive\Documentos\Maquinas vituais\linux ubuntu\linux ubuntu.vbox"
00:49:55.526932          ERROR [COM]: aRC=VBOX_E_OBJECT_NOT_FOUND (0x80bb0001) aIID={5bfd8965-b81b-469f-8649-f717ce97a5d5} aComponent={NvramStoreWrap} aText={The UEFI NVRAM file is not existing for this machine}, preserve=false aResultDetail=0
00:49:55.561075          ERROR [COM]: aRC=VBOX_E_INVALID_VM_STATE (0x80bb0002) aIID={e36a5081-a82a-40bd-9e4e-42a44d6ce50f} aComponent={MachineWrap} aText={The machine is not mutable, saved or running (state is Running)}, preserve=false aResultDetail=0
00:49:55.953920          Saving settings file "C:\Users\diorg\OneDrive\Documentos\Maquinas vituais\linux ubuntu\linux ubuntu.vbox" with version "1.19-windows"
00:49:55.959072          Finished saving settings file "C:\Users\diorg\OneDrive\Documentos\Maquinas vituais\linux ubuntu\linux ubuntu.vbox"
00:49:55.966196          ERROR [COM]: aRC=VBOX_E_OBJECT_NOT_FOUND (0x80bb0001) aIID={5bfd8965-b81b-469f-8649-f717ce97a5d5} aComponent={NvramStoreWrap} aText={The UEFI NVRAM file is not existing for this machine}, preserve=false aResultDetail=0
00:49:56.001044          ERROR [COM]: aRC=VBOX_E_INVALID_VM_STATE (0x80bb0002) aIID={e36a5081-a82a-40bd-9e4e-42a44d6ce50f} aComponent={MachineWrap} aText={The machine is not mutable, saved or running (state is Running)}, preserve=false aResultDetail=0
00:49:59.907296          Saving settings file "C:\Users\diorg\OneDrive\Documentos\Maquinas vituais\linux ubuntu\linux ubuntu.vbox" with version "1.19-windows"
00:49:59.912215          Finished saving settings file "C:\Users\diorg\OneDrive\Documentos\Maquinas vituais\linux ubuntu\linux ubuntu.vbox"
00:49:59.918561          ERROR [COM]: aRC=VBOX_E_OBJECT_NOT_FOUND (0x80bb0001) aIID={5bfd8965-b81b-469f-8649-f717ce97a5d5} aComponent={NvramStoreWrap} aText={The UEFI NVRAM file is not existing for this machine}, preserve=false aResultDetail=0
00:49:59.936478          ERROR [COM]: aRC=VBOX_E_INVALID_VM_STATE (0x80bb0002) aIID={e36a5081-a82a-40bd-9e4e-42a44d6ce50f} aComponent={MachineWrap} aText={The machine is not mutable, saved or running (state is Running)}, preserve=false aResultDetail=0
00:50:04.266197          Saving settings file "C:\Users\diorg\OneDrive\Documentos\Maquinas vituais\linux ubuntu\linux ubuntu.vbox" with version "1.19-windows"
00:50:04.270448          Finished saving settings file "C:\Users\diorg\OneDrive\Documentos\Maquinas vituais\linux ubuntu\linux ubuntu.vbox"
00:50:04.278050          ERROR [COM]: aRC=VBOX_E_OBJECT_NOT_FOUND (0x80bb0001) aIID={5bfd8965-b81b-469f-8649-f717ce97a5d5} aComponent={NvramStoreWrap} aText={The UEFI NVRAM file is not existing for this machine}, preserve=false aResultDetail=0
00:50:04.301065          ERROR [COM]: aRC=VBOX_E_INVALID_VM_STATE (0x80bb0002) aIID={e36a5081-a82a-40bd-9e4e-42a44d6ce50f} aComponent={MachineWrap} aText={The machine is not mutable, saved or running (state is Running)}, preserve=false aResultDetail=0
00:50:17.018802          Saving settings file "C:\Users\diorg\.VirtualBox\VirtualBox.xml" with version "1.12-windows"
00:50:17.025478          Finished saving settings file "C:\Users\diorg\.VirtualBox\VirtualBox.xml"
00:53:03.968259          Saving settings file "C:\Users\diorg\OneDrive\Documentos\Maquinas vituais\linux ubuntu\linux ubuntu.vbox" with version "1.19-windows"
00:53:03.972861          Finished saving settings file "C:\Users\diorg\OneDrive\Documentos\Maquinas vituais\linux ubuntu\linux ubuntu.vbox"
00:53:03.983110          ERROR [COM]: aRC=VBOX_E_OBJECT_NOT_FOUND (0x80bb0001) aIID={5bfd8965-b81b-469f-8649-f717ce97a5d5} aComponent={NvramStoreWrap} aText={The UEFI NVRAM file is not existing for this machine}, preserve=false aResultDetail=0
00:53:03.993116          ERROR [COM]: aRC=VBOX_E_INVALID_VM_STATE (0x80bb0002) aIID={e36a5081-a82a-40bd-9e4e-42a44d6ce50f} aComponent={MachineWrap} aText={The machine is not mutable, saved or running (state is Running)}, preserve=false aResultDetail=0
00:53:06.484602          Saving settings file "C:\Users\diorg\OneDrive\Documentos\Maquinas vituais\linux ubuntu\linux ubuntu.vbox" with version "1.19-windows"
00:53:06.488185          Finished saving settings file "C:\Users\diorg\OneDrive\Documentos\Maquinas vituais\linux ubuntu\linux ubuntu.vbox"
00:53:06.493704          ERROR [COM]: aRC=VBOX_E_OBJECT_NOT_FOUND (0x80bb0001) aIID={5bfd8965-b81b-469f-8649-f717ce97a5d5} aComponent={NvramStoreWrap} aText={The UEFI NVRAM file is not existing for this machine}, preserve=false aResultDetail=0
00:53:06.511769          ERROR [COM]: aRC=VBOX_E_INVALID_VM_STATE (0x80bb0002) aIID={e36a5081-a82a-40bd-9e4e-42a44d6ce50f} aComponent={MachineWrap} aText={The machine is not mutable, saved or running (state is Running)}, preserve=false aResultDetail=0
00:53:06.936407          Saving settings file "C:\Users\diorg\OneDrive\Documentos\Maquinas vituais\linux ubuntu\linux ubuntu.vbox" with version "1.19-windows"
00:53:06.940559          Finished saving settings file "C:\Users\diorg\OneDrive\Documentos\Maquinas vituais\linux ubuntu\linux ubuntu.vbox"
00:53:06.946773          ERROR [COM]: aRC=VBOX_E_OBJECT_NOT_FOUND (0x80bb0001) aIID={5bfd8965-b81b-469f-8649-f717ce97a5d5} aComponent={NvramStoreWrap} aText={The UEFI NVRAM file is not existing for this machine}, preserve=false aResultDetail=0
00:53:06.968787          ERROR [COM]: aRC=VBOX_E_INVALID_VM_STATE (0x80bb0002) aIID={e36a5081-a82a-40bd-9e4e-42a44d6ce50f} aComponent={MachineWrap} aText={The machine is not mutable, saved or running (state is Running)}, preserve=false aResultDetail=0
00:53:11.218542          Saving settings file "C:\Users\diorg\OneDrive\Documentos\Maquinas vituais\linux ubuntu\linux ubuntu.vbox" with version "1.19-windows"
00:53:11.224584          Finished saving settings file "C:\Users\diorg\OneDrive\Documentos\Maquinas vituais\linux ubuntu\linux ubuntu.vbox"
00:53:11.229502          ERROR [COM]: aRC=VBOX_E_OBJECT_NOT_FOUND (0x80bb0001) aIID={5bfd8965-b81b-469f-8649-f717ce97a5d5} aComponent={NvramStoreWrap} aText={The UEFI NVRAM file is not existing for this machine}, preserve=false aResultDetail=0
00:53:11.237821          ERROR [COM]: aRC=VBOX_E_INVALID_VM_STATE (0x80bb0002) aIID={e36a5081-a82a-40bd-9e4e-42a44d6ce50f} aComponent={MachineWrap} aText={The machine is not mutable, saved or running (state is Running)}, preserve=false aResultDetail=0
00:53:15.749168          Saving settings file "C:\Users\diorg\OneDrive\Documentos\Maquinas vituais\linux ubuntu\linux ubuntu.vbox" with version "1.19-windows"
00:53:15.754973          Finished saving settings file "C:\Users\diorg\OneDrive\Documentos\Maquinas vituais\linux ubuntu\linux ubuntu.vbox"
00:53:15.761336          ERROR [COM]: aRC=VBOX_E_OBJECT_NOT_FOUND (0x80bb0001) aIID={5bfd8965-b81b-469f-8649-f717ce97a5d5} aComponent={NvramStoreWrap} aText={The UEFI NVRAM file is not existing for this machine}, preserve=false aResultDetail=0
00:53:15.785020          ERROR [COM]: aRC=VBOX_E_INVALID_VM_STATE (0x80bb0002) aIID={e36a5081-a82a-40bd-9e4e-42a44d6ce50f} aComponent={MachineWrap} aText={The machine is not mutable, saved or running (state is Running)}, preserve=false aResultDetail=0
00:57:53.072961          ERROR [COM]: aRC=E_FAIL (0x80004005) aIID={bea3ef5c-de2f-4b74-aa3a-15d6249371a0} aComponent={RecordingSettingsWrap} aText={Recording not started}, preserve=false aResultDetail=0
00:57:53.075348          Saving settings file "C:\Users\diorg\OneDrive\Documentos\Maquinas vituais\linux ubuntu\linux ubuntu.vbox" with version "1.19-windows"
00:57:53.079334          Finished saving settings file "C:\Users\diorg\OneDrive\Documentos\Maquinas vituais\linux ubuntu\linux ubuntu.vbox"
00:57:53.095688          ERROR [COM]: aRC=E_FAIL (0x80004005) aIID={bea3ef5c-de2f-4b74-aa3a-15d6249371a0} aComponent={RecordingSettingsWrap} aText={Recording not started}, preserve=false aResultDetail=0
00:57:53.097835          ERROR [COM]: aRC=E_INVALIDARG (0x80070057) aIID={e36a5081-a82a-40bd-9e4e-42a44d6ce50f} aComponent={SessionMachine} aText={Properties with TRANSIENT or TRANSRESET flag cannot be set or modified if VM is not running}, preserve=false aResultDetail=0
00:57:53.110257          ERROR [COM]: aRC=VBOX_E_OBJECT_NOT_FOUND (0x80bb0001) aIID={5bfd8965-b81b-469f-8649-f717ce97a5d5} aComponent={NvramStoreWrap} aText={The UEFI NVRAM file is not existing for this machine}, preserve=false aResultDetail=0
00:57:53.116607          ERROR [COM]: aRC=VBOX_E_INVALID_VM_STATE (0x80bb0002) aIID={e36a5081-a82a-40bd-9e4e-42a44d6ce50f} aComponent={MachineWrap} aText={The machine is not mutable, saved or running (state is PoweredOff)}, preserve=false aResultDetail=0
00:57:54.127768          ERROR [COM]: aRC=VBOX_E_OBJECT_NOT_FOUND (0x80bb0001) aIID={5bfd8965-b81b-469f-8649-f717ce97a5d5} aComponent={NvramStoreWrap} aText={The UEFI NVRAM file is not existing for this machine}, preserve=false aResultDetail=0
00:57:54.158742          ERROR [COM]: aRC=VBOX_E_INVALID_VM_STATE (0x80bb0002) aIID={e36a5081-a82a-40bd-9e4e-42a44d6ce50f} aComponent={MachineWrap} aText={The machine is not mutable, saved or running (state is PoweredOff)}, preserve=false aResultDetail=0
00:57:59.547389          Saving settings file "C:\Users\diorg\.VirtualBox\VirtualBox.xml" with version "1.12-windows"
00:57:59.550576          Finished saving settings file "C:\Users\diorg\.VirtualBox\VirtualBox.xml"
00:58:27.576239          Saving settings file "C:\Users\diorg\.VirtualBox\VirtualBox.xml" with version "1.12-windows"
00:58:27.580093          Finished saving settings file "C:\Users\diorg\.VirtualBox\VirtualBox.xml"
01:02:04.250861          Saving settings file "C:\Users\diorg\.VirtualBox\VirtualBox.xml" with version "1.12-windows"
01:02:04.255680          Finished saving settings file "C:\Users\diorg\.VirtualBox\VirtualBox.xml"
01:02:07.026413          Saving settings file "C:\Users\diorg\.VirtualBox\VirtualBox.xml" with version "1.12-windows"
01:02:07.029966          Finished saving settings file "C:\Users\diorg\.VirtualBox\VirtualBox.xml"
01:02:07.606790          Saving settings file "C:\Users\diorg\.VirtualBox\VirtualBox.xml" with version "1.12-windows"
01:02:07.610253          Finished saving settings file "C:\Users\diorg\.VirtualBox\VirtualBox.xml"
01:02:09.982637          Saving settings file "C:\Users\diorg\.VirtualBox\VirtualBox.xml" with version "1.12-windows"
01:02:09.987568          Finished saving settings file "C:\Users\diorg\.VirtualBox\VirtualBox.xml"
01:02:11.508487          Saving settings file "C:\Users\diorg\.VirtualBox\VirtualBox.xml" with version "1.12-windows"
01:02:11.512279          Finished saving settings file "C:\Users\diorg\.VirtualBox\VirtualBox.xml"
01:08:12.195926 dns-monitor HostDnsMonitor: updating information
01:08:12.195967 dns-monitor HostDnsMonitor: unchanged
01:31:20.301665 main     VirtualBox: object deletion starts
01:31:20.302716 main     ERROR [COM]: aRC=VBOX_E_OBJECT_IN_USE (0x80bb000c) aIID={7d510820-a678-4730-a862-818dcd3fbed0} aComponent={MediumWrap} aText={Medium 'C:\Users\diorg\OneDrive\Documentos\Maquinas vituais\linux ubuntu\linux ubuntu.vdi' cannot be closed because it is still attached to 1 virtual machines}, preserve=false aResultDetail=0
01:31:20.307307 main     HostDnsMonitor: shutting down ...
01:31:20.307422 main     HostDnsMonitor: shut down
01:31:20.311303 Watcher  ERROR [COM]: aRC=E_ACCESSDENIED (0x80070005) aIID={d644ad1e-c501-4fc7-9ab6-aa6d763bc540} aComponent={VirtualBoxWrap} aText={The object is not ready}, preserve=false aResultDetail=0
01:31:20.311811 main     VirtualBox: object deleted
